The system is: Darwin - 25.1.0 - x86_64
Compiling the C compiler identification source file "CMakeCCompilerId.c" succeeded.
Compiler: /usr/bin/cc 
Build flags: ;-ffunction-sections;-fdata-sections;-fPIC;--target=arm64-apple-macosx;-mmacosx-version-min=15.4
Id flags:  

The output was:
0


Compilation of the C compiler identification source "CMakeCCompilerId.c" produced "a.out"

The C compiler identification is AppleClang, found in "/Users/betty/Downloads/cdn-cache-ai/pingora_cache/target/release/build/libz-ng-sys-3cf075f2bd3b5853/out/build/CMakeFiles/3.22.2/CompilerIdC/a.out"

Detecting C compiler ABI info compiled with the following output:
Change Dir: /Users/betty/Downloads/cdn-cache-ai/pingora_cache/target/release/build/libz-ng-sys-3cf075f2bd3b5853/out/build/CMakeFiles/CMakeTmp

Run Build Command(s):/usr/bin/make -f Makefile cmTC_a5c70/fast && /Applications/Xcode.app/Contents/Developer/usr/bin/make  -f CMakeFiles/cmTC_a5c70.dir/build.make CMakeFiles/cmTC_a5c70.dir/build
Building C object CMakeFiles/cmTC_a5c70.dir/CMakeCCompilerABI.c.o
/usr/bin/cc   -ffunction-sections -fdata-sections -fPIC --target=arm64-apple-macosx -mmacosx-version-min=15.4  -arch arm64 -isysroot /Applications/Xcode.app/Contents/Developer/Platforms/MacOSX.platform/Developer/SDKs/MacOSX15.4.sdk   -v -Wl,-v -std=c11 -MD -MT CMakeFiles/cmTC_a5c70.dir/CMakeCCompilerABI.c.o -MF CMakeFiles/cmTC_a5c70.dir/CMakeCCompilerABI.c.o.d -o CMakeFiles/cmTC_a5c70.dir/CMakeCCompilerABI.c.o -c /usr/local/Cellar/cmake/3.22.2/share/cmake/Modules/CMakeCCompilerABI.c
Apple clang version 17.0.0 (clang-1700.0.13.3)
Target: arm64-apple-macosx
Thread model: posix
InstalledDir: /Applications/Xcode.app/Contents/Developer/Toolchains/XcodeDefault.xctoolchain/usr/bin
clang: warning: -Wl,-v: 'linker' input unused [-Wunused-command-line-argument]
 "/Applications/Xcode.app/Contents/Developer/Toolchains/XcodeDefault.xctoolchain/usr/bin/clang" -cc1 -triple arm64-apple-macosx15.4.0 -Wundef-prefix=TARGET_OS_ -Wdeprecated-objc-isa-usage -Werror=deprecated-objc-isa-usage -Werror=implicit-function-declaration -emit-obj -disable-free -clear-ast-before-backend -disable-llvm-verifier -discard-value-names -main-file-name CMakeCCompilerABI.c -mrelocation-model pic -pic-level 2 -mframe-pointer=non-leaf -fno-strict-return -ffp-contract=on -fno-rounding-math -funwind-tables=1 -fobjc-msgsend-selector-stubs -target-sdk-version=15.4 -fvisibility-inlines-hidden-static-local-var -fdefine-target-os-macros -fno-assume-unique-vtables -fno-modulemap-allow-subdirectory-search -target-cpu apple-m1 -target-feature +zcm -target-feature +zcz -target-feature +v8.5a -target-feature +aes -target-feature +altnzcv -target-feature +ccdp -target-feature +complxnum -target-feature +crc -target-feature +dotprod -target-feature +fp-armv8 -target-feature +fp16fml -target-feature +fptoint -target-feature +fullfp16 -target-feature +jsconv -target-feature +lse -target-feature +neon -target-feature +pauth -target-feature +perfmon -target-feature +predres -target-feature +ras -target-feature +rcpc -target-feature +rdm -target-feature +sb -target-feature +sha2 -target-feature +sha3 -target-feature +specrestrict -target-feature +ssbs -target-abi darwinpcs -debugger-tuning=lldb -fdebug-compilation-dir=/Users/betty/Downloads/cdn-cache-ai/pingora_cache/target/release/build/libz-ng-sys-3cf075f2bd3b5853/out/build/CMakeFiles/CMakeTmp -target-linker-version 1167.4.1 -v -ffunction-sections -fdata-sections -fcoverage-compilation-dir=/Users/betty/Downloads/cdn-cache-ai/pingora_cache/target/release/build/libz-ng-sys-3cf075f2bd3b5853/out/build/CMakeFiles/CMakeTmp -resource-dir /Applications/Xcode.app/Contents/Developer/Toolchains/XcodeDefault.xctoolchain/usr/lib/clang/17 -dependency-file CMakeFiles/cmTC_a5c70.dir/CMakeCCompilerABI.c.o.d -skip-unused-modulemap-deps -MT CMakeFiles/cmTC_a5c70.dir/CMakeCCompilerABI.c.o -sys-header-deps -isysroot /Applications/Xcode.app/Contents/Developer/Platforms/MacOSX.platform/Developer/SDKs/MacOSX15.4.sdk -internal-isystem /Applications/Xcode.app/Contents/Developer/Platforms/MacOSX.platform/Developer/SDKs/MacOSX15.4.sdk/usr/local/include -internal-isystem /Applications/Xcode.app/Contents/Developer/Toolchains/XcodeDefault.xctoolchain/usr/lib/clang/17/include -internal-externc-isystem /Applications/Xcode.app/Contents/Developer/Platforms/MacOSX.platform/Developer/SDKs/MacOSX15.4.sdk/usr/include -internal-externc-isystem /Applications/Xcode.app/Contents/Developer/Toolchains/XcodeDefault.xctoolchain/usr/include -Wno-reorder-init-list -Wno-implicit-int-float-conversion -Wno-c99-designator -Wno-final-dtor-non-final-class -Wno-extra-semi-stmt -Wno-misleading-indentation -Wno-quoted-include-in-framework-header -Wno-implicit-fallthrough -Wno-enum-enum-conversion -Wno-enum-float-conversion -Wno-elaborated-enum-base -Wno-reserved-identifier -Wno-gnu-folding-constant -std=c11 -ferror-limit 19 -stack-protector 1 -fstack-check -mdarwin-stkchk-strong-link -fblocks -fencode-extended-block-signature -fregister-global-dtors-with-atexit -fgnuc-version=4.2.1 -fskip-odr-check-in-gmf -fmax-type-align=16 -fcommon -clang-vendor-feature=+disableNonDependentMemberExprInCurrentInstantiation -fno-odr-hash-protocols -clang-vendor-feature=+enableAggressiveVLAFolding -clang-vendor-feature=+revert09abecef7bbf -clang-vendor-feature=+thisNoAlignAttr -clang-vendor-feature=+thisNoNullAttr -clang-vendor-feature=+disableAtImportPrivateFrameworkInImplementationError -D__GCC_HAVE_DWARF2_CFI_ASM=1 -o CMakeFiles/cmTC_a5c70.dir/CMakeCCompilerABI.c.o -x c /usr/local/Cellar/cmake/3.22.2/share/cmake/Modules/CMakeCCompilerABI.c
clang -cc1 version 17.0.0 (clang-1700.0.13.3) default target x86_64-apple-darwin25.1.0
ignoring nonexistent directory "/Applications/Xcode.app/Contents/Developer/Platforms/MacOSX.platform/Developer/SDKs/MacOSX15.4.sdk/usr/local/include"
ignoring nonexistent directory "/Applications/Xcode.app/Contents/Developer/Platforms/MacOSX.platform/Developer/SDKs/MacOSX15.4.sdk/System/Library/SubFrameworks"
ignoring nonexistent directory "/Applications/Xcode.app/Contents/Developer/Platforms/MacOSX.platform/Developer/SDKs/MacOSX15.4.sdk/Library/Frameworks"
#include "..." search starts here:
#include <...> search starts here:
 /Applications/Xcode.app/Contents/Developer/Toolchains/XcodeDefault.xctoolchain/usr/lib/clang/17/include
 /Applications/Xcode.app/Contents/Developer/Platforms/MacOSX.platform/Developer/SDKs/MacOSX15.4.sdk/usr/include
 /Applications/Xcode.app/Contents/Developer/Toolchains/XcodeDefault.xctoolchain/usr/include
 /Applications/Xcode.app/Contents/Developer/Platforms/MacOSX.platform/Developer/SDKs/MacOSX15.4.sdk/System/Library/Frameworks (framework directory)
End of search list.
Linking C executable cmTC_a5c70
/usr/local/Cellar/cmake/3.22.2/bin/cmake -E cmake_link_script CMakeFiles/cmTC_a5c70.dir/link.txt --verbose=1
/usr/bin/cc  -ffunction-sections -fdata-sections -fPIC --target=arm64-apple-macosx -mmacosx-version-min=15.4  -arch arm64 -isysroot /Applications/Xcode.app/Contents/Developer/Platforms/MacOSX.platform/Developer/SDKs/MacOSX15.4.sdk -Wl,-search_paths_first -Wl,-headerpad_max_install_names  -v -Wl,-v CMakeFiles/cmTC_a5c70.dir/CMakeCCompilerABI.c.o -o cmTC_a5c70 
Apple clang version 17.0.0 (clang-1700.0.13.3)
Target: arm64-apple-macosx
Thread model: posix
InstalledDir: /Applications/Xcode.app/Contents/Developer/Toolchains/XcodeDefault.xctoolchain/usr/bin
 "/Applications/Xcode.app/Contents/Developer/Toolchains/XcodeDefault.xctoolchain/usr/bin/ld" -demangle -lto_library /Applications/Xcode.app/Contents/Developer/Toolchains/XcodeDefault.xctoolchain/usr/lib/libLTO.dylib -dynamic -arch arm64 -platform_version macos 15.4.0 15.4 -syslibroot /Applications/Xcode.app/Contents/Developer/Platforms/MacOSX.platform/Developer/SDKs/MacOSX15.4.sdk -mllvm -enable-linkonceodr-outlining -o cmTC_a5c70 -search_paths_first -headerpad_max_install_names -v CMakeFiles/cmTC_a5c70.dir/CMakeCCompilerABI.c.o -lSystem /Applications/Xcode.app/Contents/Developer/Toolchains/XcodeDefault.xctoolchain/usr/lib/clang/17/lib/darwin/libclang_rt.osx.a
@(#)PROGRAM:ld PROJECT:ld-1167.4.1
BUILD 19:59:02 Mar 12 2025
configured to support archs: armv6 armv7 armv7s arm64 arm64e arm64_32 i386 x86_64 x86_64h armv6m armv7k armv7m armv7em
will use ld-classic for: armv6 armv7 armv7s i386 armv6m armv7k armv7m armv7em
LTO support using: LLVM version 17.0.0 (static support for 29, runtime is 29)
TAPI support using: Apple TAPI version 17.0.0 (tapi-1700.0.3.4)
Library search paths:
	/Applications/Xcode.app/Contents/Developer/Platforms/MacOSX.platform/Developer/SDKs/MacOSX15.4.sdk/usr/lib
	/Applications/Xcode.app/Contents/Developer/Platforms/MacOSX.platform/Developer/SDKs/MacOSX15.4.sdk/usr/lib/swift
Framework search paths:
	/Applications/Xcode.app/Contents/Developer/Platforms/MacOSX.platform/Developer/SDKs/MacOSX15.4.sdk/System/Library/Frameworks



Parsed C implicit include dir info from above output: rv=done
  found start of include info
  found start of implicit include info
    add: [/Applications/Xcode.app/Contents/Developer/Toolchains/XcodeDefault.xctoolchain/usr/lib/clang/17/include]
    add: [/Applications/Xcode.app/Contents/Developer/Platforms/MacOSX.platform/Developer/SDKs/MacOSX15.4.sdk/usr/include]
    add: [/Applications/Xcode.app/Contents/Developer/Toolchains/XcodeDefault.xctoolchain/usr/include]
  end of search list found
  collapse include dir [/Applications/Xcode.app/Contents/Developer/Toolchains/XcodeDefault.xctoolchain/usr/lib/clang/17/include] ==> [/Applications/Xcode.app/Contents/Developer/Toolchains/XcodeDefault.xctoolchain/usr/lib/clang/17/include]
  collapse include dir [/Applications/Xcode.app/Contents/Developer/Platforms/MacOSX.platform/Developer/SDKs/MacOSX15.4.sdk/usr/include] ==> [/Applications/Xcode.app/Contents/Developer/Platforms/MacOSX.platform/Developer/SDKs/MacOSX15.4.sdk/usr/include]
  collapse include dir [/Applications/Xcode.app/Contents/Developer/Toolchains/XcodeDefault.xctoolchain/usr/include] ==> [/Applications/Xcode.app/Contents/Developer/Toolchains/XcodeDefault.xctoolchain/usr/include]
  implicit include dirs: [/Applications/Xcode.app/Contents/Developer/Toolchains/XcodeDefault.xctoolchain/usr/lib/clang/17/include;/Applications/Xcode.app/Contents/Developer/Platforms/MacOSX.platform/Developer/SDKs/MacOSX15.4.sdk/usr/include;/Applications/Xcode.app/Contents/Developer/Toolchains/XcodeDefault.xctoolchain/usr/include]


Parsed C implicit link information from above output:
  link line regex: [^( *|.*[/\])(ld|CMAKE_LINK_STARTFILE-NOTFOUND|([^/\]+-)?ld|collect2)[^/\]*( |$)]
  ignore line: [Change Dir: /Users/betty/Downloads/cdn-cache-ai/pingora_cache/target/release/build/libz-ng-sys-3cf075f2bd3b5853/out/build/CMakeFiles/CMakeTmp]
  ignore line: []
  ignore line: [Run Build Command(s):/usr/bin/make -f Makefile cmTC_a5c70/fast && /Applications/Xcode.app/Contents/Developer/usr/bin/make  -f CMakeFiles/cmTC_a5c70.dir/build.make CMakeFiles/cmTC_a5c70.dir/build]
  ignore line: [Building C object CMakeFiles/cmTC_a5c70.dir/CMakeCCompilerABI.c.o]
  ignore line: [/usr/bin/cc   -ffunction-sections -fdata-sections -fPIC --target=arm64-apple-macosx -mmacosx-version-min=15.4  -arch arm64 -isysroot /Applications/Xcode.app/Contents/Developer/Platforms/MacOSX.platform/Developer/SDKs/MacOSX15.4.sdk   -v -Wl -v -std=c11 -MD -MT CMakeFiles/cmTC_a5c70.dir/CMakeCCompilerABI.c.o -MF CMakeFiles/cmTC_a5c70.dir/CMakeCCompilerABI.c.o.d -o CMakeFiles/cmTC_a5c70.dir/CMakeCCompilerABI.c.o -c /usr/local/Cellar/cmake/3.22.2/share/cmake/Modules/CMakeCCompilerABI.c]
  ignore line: [Apple clang version 17.0.0 (clang-1700.0.13.3)]
  ignore line: [Target: arm64-apple-macosx]
  ignore line: [Thread model: posix]
  ignore line: [InstalledDir: /Applications/Xcode.app/Contents/Developer/Toolchains/XcodeDefault.xctoolchain/usr/bin]
  ignore line: [clang: warning: -Wl -v: 'linker' input unused [-Wunused-command-line-argument]]
  ignore line: [ "/Applications/Xcode.app/Contents/Developer/Toolchains/XcodeDefault.xctoolchain/usr/bin/clang" -cc1 -triple arm64-apple-macosx15.4.0 -Wundef-prefix=TARGET_OS_ -Wdeprecated-objc-isa-usage -Werror=deprecated-objc-isa-usage -Werror=implicit-function-declaration -emit-obj -disable-free -clear-ast-before-backend -disable-llvm-verifier -discard-value-names -main-file-name CMakeCCompilerABI.c -mrelocation-model pic -pic-level 2 -mframe-pointer=non-leaf -fno-strict-return -ffp-contract=on -fno-rounding-math -funwind-tables=1 -fobjc-msgsend-selector-stubs -target-sdk-version=15.4 -fvisibility-inlines-hidden-static-local-var -fdefine-target-os-macros -fno-assume-unique-vtables -fno-modulemap-allow-subdirectory-search -target-cpu apple-m1 -target-feature +zcm -target-feature +zcz -target-feature +v8.5a -target-feature +aes -target-feature +altnzcv -target-feature +ccdp -target-feature +complxnum -target-feature +crc -target-feature +dotprod -target-feature +fp-armv8 -target-feature +fp16fml -target-feature +fptoint -target-feature +fullfp16 -target-feature +jsconv -target-feature +lse -target-feature +neon -target-feature +pauth -target-feature +perfmon -target-feature +predres -target-feature +ras -target-feature +rcpc -target-feature +rdm -target-feature +sb -target-feature +sha2 -target-feature +sha3 -target-feature +specrestrict -target-feature +ssbs -target-abi darwinpcs -debugger-tuning=lldb -fdebug-compilation-dir=/Users/betty/Downloads/cdn-cache-ai/pingora_cache/target/release/build/libz-ng-sys-3cf075f2bd3b5853/out/build/CMakeFiles/CMakeTmp -target-linker-version 1167.4.1 -v -ffunction-sections -fdata-sections -fcoverage-compilation-dir=/Users/betty/Downloads/cdn-cache-ai/pingora_cache/target/release/build/libz-ng-sys-3cf075f2bd3b5853/out/build/CMakeFiles/CMakeTmp -resource-dir /Applications/Xcode.app/Contents/Developer/Toolchains/XcodeDefault.xctoolchain/usr/lib/clang/17 -dependency-file CMakeFiles/cmTC_a5c70.dir/CMakeCCompilerABI.c.o.d -skip-unused-modulemap-deps -MT CMakeFiles/cmTC_a5c70.dir/CMakeCCompilerABI.c.o -sys-header-deps -isysroot /Applications/Xcode.app/Contents/Developer/Platforms/MacOSX.platform/Developer/SDKs/MacOSX15.4.sdk -internal-isystem /Applications/Xcode.app/Contents/Developer/Platforms/MacOSX.platform/Developer/SDKs/MacOSX15.4.sdk/usr/local/include -internal-isystem /Applications/Xcode.app/Contents/Developer/Toolchains/XcodeDefault.xctoolchain/usr/lib/clang/17/include -internal-externc-isystem /Applications/Xcode.app/Contents/Developer/Platforms/MacOSX.platform/Developer/SDKs/MacOSX15.4.sdk/usr/include -internal-externc-isystem /Applications/Xcode.app/Contents/Developer/Toolchains/XcodeDefault.xctoolchain/usr/include -Wno-reorder-init-list -Wno-implicit-int-float-conversion -Wno-c99-designator -Wno-final-dtor-non-final-class -Wno-extra-semi-stmt -Wno-misleading-indentation -Wno-quoted-include-in-framework-header -Wno-implicit-fallthrough -Wno-enum-enum-conversion -Wno-enum-float-conversion -Wno-elaborated-enum-base -Wno-reserved-identifier -Wno-gnu-folding-constant -std=c11 -ferror-limit 19 -stack-protector 1 -fstack-check -mdarwin-stkchk-strong-link -fblocks -fencode-extended-block-signature -fregister-global-dtors-with-atexit -fgnuc-version=4.2.1 -fskip-odr-check-in-gmf -fmax-type-align=16 -fcommon -clang-vendor-feature=+disableNonDependentMemberExprInCurrentInstantiation -fno-odr-hash-protocols -clang-vendor-feature=+enableAggressiveVLAFolding -clang-vendor-feature=+revert09abecef7bbf -clang-vendor-feature=+thisNoAlignAttr -clang-vendor-feature=+thisNoNullAttr -clang-vendor-feature=+disableAtImportPrivateFrameworkInImplementationError -D__GCC_HAVE_DWARF2_CFI_ASM=1 -o CMakeFiles/cmTC_a5c70.dir/CMakeCCompilerABI.c.o -x c /usr/local/Cellar/cmake/3.22.2/share/cmake/Modules/CMakeCCompilerABI.c]
  ignore line: [clang -cc1 version 17.0.0 (clang-1700.0.13.3) default target x86_64-apple-darwin25.1.0]
  ignore line: [ignoring nonexistent directory "/Applications/Xcode.app/Contents/Developer/Platforms/MacOSX.platform/Developer/SDKs/MacOSX15.4.sdk/usr/local/include"]
  ignore line: [ignoring nonexistent directory "/Applications/Xcode.app/Contents/Developer/Platforms/MacOSX.platform/Developer/SDKs/MacOSX15.4.sdk/System/Library/SubFrameworks"]
  ignore line: [ignoring nonexistent directory "/Applications/Xcode.app/Contents/Developer/Platforms/MacOSX.platform/Developer/SDKs/MacOSX15.4.sdk/Library/Frameworks"]
  ignore line: [#include "..." search starts here:]
  ignore line: [#include <...> search starts here:]
  ignore line: [ /Applications/Xcode.app/Contents/Developer/Toolchains/XcodeDefault.xctoolchain/usr/lib/clang/17/include]
  ignore line: [ /Applications/Xcode.app/Contents/Developer/Platforms/MacOSX.platform/Developer/SDKs/MacOSX15.4.sdk/usr/include]
  ignore line: [ /Applications/Xcode.app/Contents/Developer/Toolchains/XcodeDefault.xctoolchain/usr/include]
  ignore line: [ /Applications/Xcode.app/Contents/Developer/Platforms/MacOSX.platform/Developer/SDKs/MacOSX15.4.sdk/System/Library/Frameworks (framework directory)]
  ignore line: [End of search list.]
  ignore line: [Linking C executable cmTC_a5c70]
  ignore line: [/usr/local/Cellar/cmake/3.22.2/bin/cmake -E cmake_link_script CMakeFiles/cmTC_a5c70.dir/link.txt --verbose=1]
  ignore line: [/usr/bin/cc  -ffunction-sections -fdata-sections -fPIC --target=arm64-apple-macosx -mmacosx-version-min=15.4  -arch arm64 -isysroot /Applications/Xcode.app/Contents/Developer/Platforms/MacOSX.platform/Developer/SDKs/MacOSX15.4.sdk -Wl -search_paths_first -Wl -headerpad_max_install_names  -v -Wl -v CMakeFiles/cmTC_a5c70.dir/CMakeCCompilerABI.c.o -o cmTC_a5c70 ]
  ignore line: [Apple clang version 17.0.0 (clang-1700.0.13.3)]
  ignore line: [Target: arm64-apple-macosx]
  ignore line: [Thread model: posix]
  ignore line: [InstalledDir: /Applications/Xcode.app/Contents/Developer/Toolchains/XcodeDefault.xctoolchain/usr/bin]
  link line: [ "/Applications/Xcode.app/Contents/Developer/Toolchains/XcodeDefault.xctoolchain/usr/bin/ld" -demangle -lto_library /Applications/Xcode.app/Contents/Developer/Toolchains/XcodeDefault.xctoolchain/usr/lib/libLTO.dylib -dynamic -arch arm64 -platform_version macos 15.4.0 15.4 -syslibroot /Applications/Xcode.app/Contents/Developer/Platforms/MacOSX.platform/Developer/SDKs/MacOSX15.4.sdk -mllvm -enable-linkonceodr-outlining -o cmTC_a5c70 -search_paths_first -headerpad_max_install_names -v CMakeFiles/cmTC_a5c70.dir/CMakeCCompilerABI.c.o -lSystem /Applications/Xcode.app/Contents/Developer/Toolchains/XcodeDefault.xctoolchain/usr/lib/clang/17/lib/darwin/libclang_rt.osx.a]
    arg [/Applications/Xcode.app/Contents/Developer/Toolchains/XcodeDefault.xctoolchain/usr/bin/ld] ==> ignore
    arg [-demangle] ==> ignore
    arg [-lto_library] ==> ignore, skip following value
    arg [/Applications/Xcode.app/Contents/Developer/Toolchains/XcodeDefault.xctoolchain/usr/lib/libLTO.dylib] ==> skip value of -lto_library
    arg [-dynamic] ==> ignore
    arg [-arch] ==> ignore
    arg [arm64] ==> ignore
    arg [-platform_version] ==> ignore
    arg [macos] ==> ignore
    arg [15.4.0] ==> ignore
    arg [15.4] ==> ignore
    arg [-syslibroot] ==> ignore
    arg [/Applications/Xcode.app/Contents/Developer/Platforms/MacOSX.platform/Developer/SDKs/MacOSX15.4.sdk] ==> ignore
    arg [-mllvm] ==> ignore
    arg [-enable-linkonceodr-outlining] ==> ignore
    arg [-o] ==> ignore
    arg [cmTC_a5c70] ==> ignore
    arg [-search_paths_first] ==> ignore
    arg [-headerpad_max_install_names] ==> ignore
    arg [-v] ==> ignore
    arg [CMakeFiles/cmTC_a5c70.dir/CMakeCCompilerABI.c.o] ==> ignore
    arg [-lSystem] ==> lib [System]
    arg [/Applications/Xcode.app/Contents/Developer/Toolchains/XcodeDefault.xctoolchain/usr/lib/clang/17/lib/darwin/libclang_rt.osx.a] ==> lib [/Applications/Xcode.app/Contents/Developer/Toolchains/XcodeDefault.xctoolchain/usr/lib/clang/17/lib/darwin/libclang_rt.osx.a]
  Library search paths: [;/Applications/Xcode.app/Contents/Developer/Platforms/MacOSX.platform/Developer/SDKs/MacOSX15.4.sdk/usr/lib;/Applications/Xcode.app/Contents/Developer/Platforms/MacOSX.platform/Developer/SDKs/MacOSX15.4.sdk/usr/lib/swift]
  Framework search paths: [;/Applications/Xcode.app/Contents/Developer/Platforms/MacOSX.platform/Developer/SDKs/MacOSX15.4.sdk/System/Library/Frameworks]
  remove lib [System]
  remove lib [/Applications/Xcode.app/Contents/Developer/Toolchains/XcodeDefault.xctoolchain/usr/lib/clang/17/lib/darwin/libclang_rt.osx.a]
  collapse library dir [/Applications/Xcode.app/Contents/Developer/Platforms/MacOSX.platform/Developer/SDKs/MacOSX15.4.sdk/usr/lib] ==> [/Applications/Xcode.app/Contents/Developer/Platforms/MacOSX.platform/Developer/SDKs/MacOSX15.4.sdk/usr/lib]
  collapse library dir [/Applications/Xcode.app/Contents/Developer/Platforms/MacOSX.platform/Developer/SDKs/MacOSX15.4.sdk/usr/lib/swift] ==> [/Applications/Xcode.app/Contents/Developer/Platforms/MacOSX.platform/Developer/SDKs/MacOSX15.4.sdk/usr/lib/swift]
  collapse framework dir [/Applications/Xcode.app/Contents/Developer/Platforms/MacOSX.platform/Developer/SDKs/MacOSX15.4.sdk/System/Library/Frameworks] ==> [/Applications/Xcode.app/Contents/Developer/Platforms/MacOSX.platform/Developer/SDKs/MacOSX15.4.sdk/System/Library/Frameworks]
  implicit libs: []
  implicit objs: []
  implicit dirs: [/Applications/Xcode.app/Contents/Developer/Platforms/MacOSX.platform/Developer/SDKs/MacOSX15.4.sdk/usr/lib;/Applications/Xcode.app/Contents/Developer/Platforms/MacOSX.platform/Developer/SDKs/MacOSX15.4.sdk/usr/lib/swift]
  implicit fwks: [/Applications/Xcode.app/Contents/Developer/Platforms/MacOSX.platform/Developer/SDKs/MacOSX15.4.sdk/System/Library/Frameworks]


Compiling the CXX compiler identification source file "CMakeCXXCompilerId.cpp" succeeded.
Compiler: /usr/bin/c++ 
Build flags: ;-ffunction-sections;-fdata-sections;-fPIC;--target=arm64-apple-macosx;-mmacosx-version-min=15.4
Id flags:  

The output was:
0


Compilation of the CXX compiler identification source "CMakeCXXCompilerId.cpp" produced "a.out"

The CXX compiler identification is AppleClang, found in "/Users/betty/Downloads/cdn-cache-ai/pingora_cache/target/release/build/libz-ng-sys-3cf075f2bd3b5853/out/build/CMakeFiles/3.22.2/CompilerIdCXX/a.out"

Detecting CXX compiler ABI info compiled with the following output:
Change Dir: /Users/betty/Downloads/cdn-cache-ai/pingora_cache/target/release/build/libz-ng-sys-3cf075f2bd3b5853/out/build/CMakeFiles/CMakeTmp

Run Build Command(s):/usr/bin/make -f Makefile cmTC_13ee7/fast && /Applications/Xcode.app/Contents/Developer/usr/bin/make  -f CMakeFiles/cmTC_13ee7.dir/build.make CMakeFiles/cmTC_13ee7.dir/build
Building CXX object CMakeFiles/cmTC_13ee7.dir/CMakeCXXCompilerABI.cpp.o
/usr/bin/c++   -ffunction-sections -fdata-sections -fPIC --target=arm64-apple-macosx -mmacosx-version-min=15.4  -arch arm64 -isysroot /Applications/Xcode.app/Contents/Developer/Platforms/MacOSX.platform/Developer/SDKs/MacOSX15.4.sdk   -v -Wl,-v -MD -MT CMakeFiles/cmTC_13ee7.dir/CMakeCXXCompilerABI.cpp.o -MF CMakeFiles/cmTC_13ee7.dir/CMakeCXXCompilerABI.cpp.o.d -o CMakeFiles/cmTC_13ee7.dir/CMakeCXXCompilerABI.cpp.o -c /usr/local/Cellar/cmake/3.22.2/share/cmake/Modules/CMakeCXXCompilerABI.cpp
Apple clang version 17.0.0 (clang-1700.0.13.3)
Target: arm64-apple-macosx
Thread model: posix
InstalledDir: /Applications/Xcode.app/Contents/Developer/Toolchains/XcodeDefault.xctoolchain/usr/bin
clang++: warning: -Wl,-v: 'linker' input unused [-Wunused-command-line-argument]
ignoring nonexistent directory "/Applications/Xcode.app/Contents/Developer/Toolchains/XcodeDefault.xctoolchain/usr/bin/../include/c++/v1"
 "/Applications/Xcode.app/Contents/Developer/Toolchains/XcodeDefault.xctoolchain/usr/bin/clang" -cc1 -triple arm64-apple-macosx15.4.0 -Wundef-prefix=TARGET_OS_ -Wdeprecated-objc-isa-usage -Werror=deprecated-objc-isa-usage -Werror=implicit-function-declaration -emit-obj -disable-free -clear-ast-before-backend -disable-llvm-verifier -discard-value-names -main-file-name CMakeCXXCompilerABI.cpp -mrelocation-model pic -pic-level 2 -mframe-pointer=non-leaf -fno-strict-return -ffp-contract=on -fno-rounding-math -funwind-tables=1 -fobjc-msgsend-selector-stubs -target-sdk-version=15.4 -fvisibility-inlines-hidden-static-local-var -fdefine-target-os-macros -fno-assume-unique-vtables -fno-modulemap-allow-subdirectory-search -target-cpu apple-m1 -target-feature +zcm -target-feature +zcz -target-feature +v8.5a -target-feature +aes -target-feature +altnzcv -target-feature +ccdp -target-feature +complxnum -target-feature +crc -target-feature +dotprod -target-feature +fp-armv8 -target-feature +fp16fml -target-feature +fptoint -target-feature +fullfp16 -target-feature +jsconv -target-feature +lse -target-feature +neon -target-feature +pauth -target-feature +perfmon -target-feature +predres -target-feature +ras -target-feature +rcpc -target-feature +rdm -target-feature +sb -target-feature +sha2 -target-feature +sha3 -target-feature +specrestrict -target-feature +ssbs -target-abi darwinpcs -debugger-tuning=lldb -fdebug-compilation-dir=/Users/betty/Downloads/cdn-cache-ai/pingora_cache/target/release/build/libz-ng-sys-3cf075f2bd3b5853/out/build/CMakeFiles/CMakeTmp -target-linker-version 1167.4.1 -v -ffunction-sections -fdata-sections -fcoverage-compilation-dir=/Users/betty/Downloads/cdn-cache-ai/pingora_cache/target/release/build/libz-ng-sys-3cf075f2bd3b5853/out/build/CMakeFiles/CMakeTmp -resource-dir /Applications/Xcode.app/Contents/Developer/Toolchains/XcodeDefault.xctoolchain/usr/lib/clang/17 -dependency-file CMakeFiles/cmTC_13ee7.dir/CMakeCXXCompilerABI.cpp.o.d -skip-unused-modulemap-deps -MT CMakeFiles/cmTC_13ee7.dir/CMakeCXXCompilerABI.cpp.o -sys-header-deps -isysroot /Applications/Xcode.app/Contents/Developer/Platforms/MacOSX.platform/Developer/SDKs/MacOSX15.4.sdk -internal-isystem /Applications/Xcode.app/Contents/Developer/Platforms/MacOSX.platform/Developer/SDKs/MacOSX15.4.sdk/usr/include/c++/v1 -internal-isystem /Applications/Xcode.app/Contents/Developer/Platforms/MacOSX.platform/Developer/SDKs/MacOSX15.4.sdk/usr/local/include -internal-isystem /Applications/Xcode.app/Contents/Developer/Toolchains/XcodeDefault.xctoolchain/usr/lib/clang/17/include -internal-externc-isystem /Applications/Xcode.app/Contents/Developer/Platforms/MacOSX.platform/Developer/SDKs/MacOSX15.4.sdk/usr/include -internal-externc-isystem /Applications/Xcode.app/Contents/Developer/Toolchains/XcodeDefault.xctoolchain/usr/include -Wno-reorder-init-list -Wno-implicit-int-float-conversion -Wno-c99-designator -Wno-final-dtor-non-final-class -Wno-extra-semi-stmt -Wno-misleading-indentation -Wno-quoted-include-in-framework-header -Wno-implicit-fallthrough -Wno-enum-enum-conversion -Wno-enum-float-conversion -Wno-elaborated-enum-base -Wno-reserved-identifier -Wno-gnu-folding-constant -fdeprecated-macro -ferror-limit 19 -stack-protector 1 -fstack-check -mdarwin-stkchk-strong-link -fblocks -fencode-extended-block-signature -fregister-global-dtors-with-atexit -fgnuc-version=4.2.1 -fno-cxx-modules -fskip-odr-check-in-gmf -fcxx-exceptions -fexceptions -fmax-type-align=16 -fcommon -clang-vendor-feature=+disableNonDependentMemberExprInCurrentInstantiation -fno-odr-hash-protocols -clang-vendor-feature=+enableAggressiveVLAFolding -clang-vendor-feature=+revert09abecef7bbf -clang-vendor-feature=+thisNoAlignAttr -clang-vendor-feature=+thisNoNullAttr -clang-vendor-feature=+disableAtImportPrivateFrameworkInImplementationError -D__GCC_HAVE_DWARF2_CFI_ASM=1 -o CMakeFiles/cmTC_13ee7.dir/CMakeCXXCompilerABI.cpp.o -x c++ /usr/local/Cellar/cmake/3.22.2/share/cmake/Modules/CMakeCXXCompilerABI.cpp
clang -cc1 version 17.0.0 (clang-1700.0.13.3) default target x86_64-apple-darwin25.1.0
ignoring nonexistent directory "/Applications/Xcode.app/Contents/Developer/Platforms/MacOSX.platform/Developer/SDKs/MacOSX15.4.sdk/usr/local/include"
ignoring nonexistent directory "/Applications/Xcode.app/Contents/Developer/Platforms/MacOSX.platform/Developer/SDKs/MacOSX15.4.sdk/System/Library/SubFrameworks"
ignoring nonexistent directory "/Applications/Xcode.app/Contents/Developer/Platforms/MacOSX.platform/Developer/SDKs/MacOSX15.4.sdk/Library/Frameworks"
#include "..." search starts here:
#include <...> search starts here:
 /Applications/Xcode.app/Contents/Developer/Platforms/MacOSX.platform/Developer/SDKs/MacOSX15.4.sdk/usr/include/c++/v1
 /Applications/Xcode.app/Contents/Developer/Toolchains/XcodeDefault.xctoolchain/usr/lib/clang/17/include
 /Applications/Xcode.app/Contents/Developer/Platforms/MacOSX.platform/Developer/SDKs/MacOSX15.4.sdk/usr/include
 /Applications/Xcode.app/Contents/Developer/Toolchains/XcodeDefault.xctoolchain/usr/include
 /Applications/Xcode.app/Contents/Developer/Platforms/MacOSX.platform/Developer/SDKs/MacOSX15.4.sdk/System/Library/Frameworks (framework directory)
End of search list.
Linking CXX executable cmTC_13ee7
/usr/local/Cellar/cmake/3.22.2/bin/cmake -E cmake_link_script CMakeFiles/cmTC_13ee7.dir/link.txt --verbose=1
/usr/bin/c++  -ffunction-sections -fdata-sections -fPIC --target=arm64-apple-macosx -mmacosx-version-min=15.4  -arch arm64 -isysroot /Applications/Xcode.app/Contents/Developer/Platforms/MacOSX.platform/Developer/SDKs/MacOSX15.4.sdk -Wl,-search_paths_first -Wl,-headerpad_max_install_names  -v -Wl,-v CMakeFiles/cmTC_13ee7.dir/CMakeCXXCompilerABI.cpp.o -o cmTC_13ee7 
Apple clang version 17.0.0 (clang-1700.0.13.3)
Target: arm64-apple-macosx
Thread model: posix
InstalledDir: /Applications/Xcode.app/Contents/Developer/Toolchains/XcodeDefault.xctoolchain/usr/bin
 "/Applications/Xcode.app/Contents/Developer/Toolchains/XcodeDefault.xctoolchain/usr/bin/ld" -demangle -lto_library /Applications/Xcode.app/Contents/Developer/Toolchains/XcodeDefault.xctoolchain/usr/lib/libLTO.dylib -dynamic -arch arm64 -platform_version macos 15.4.0 15.4 -syslibroot /Applications/Xcode.app/Contents/Developer/Platforms/MacOSX.platform/Developer/SDKs/MacOSX15.4.sdk -mllvm -enable-linkonceodr-outlining -o cmTC_13ee7 -search_paths_first -headerpad_max_install_names -v CMakeFiles/cmTC_13ee7.dir/CMakeCXXCompilerABI.cpp.o -lc++ -lSystem /Applications/Xcode.app/Contents/Developer/Toolchains/XcodeDefault.xctoolchain/usr/lib/clang/17/lib/darwin/libclang_rt.osx.a
@(#)PROGRAM:ld PROJECT:ld-1167.4.1
BUILD 19:59:02 Mar 12 2025
configured to support archs: armv6 armv7 armv7s arm64 arm64e arm64_32 i386 x86_64 x86_64h armv6m armv7k armv7m armv7em
will use ld-classic for: armv6 armv7 armv7s i386 armv6m armv7k armv7m armv7em
LTO support using: LLVM version 17.0.0 (static support for 29, runtime is 29)
TAPI support using: Apple TAPI version 17.0.0 (tapi-1700.0.3.4)
Library search paths:
	/Applications/Xcode.app/Contents/Developer/Platforms/MacOSX.platform/Developer/SDKs/MacOSX15.4.sdk/usr/lib
	/Applications/Xcode.app/Contents/Developer/Platforms/MacOSX.platform/Developer/SDKs/MacOSX15.4.sdk/usr/lib/swift
Framework search paths:
	/Applications/Xcode.app/Contents/Developer/Platforms/MacOSX.platform/Developer/SDKs/MacOSX15.4.sdk/System/Library/Frameworks



Parsed CXX implicit include dir info from above output: rv=done
  found start of include info
  found start of implicit include info
    add: [/Applications/Xcode.app/Contents/Developer/Platforms/MacOSX.platform/Developer/SDKs/MacOSX15.4.sdk/usr/include/c++/v1]
    add: [/Applications/Xcode.app/Contents/Developer/Toolchains/XcodeDefault.xctoolchain/usr/lib/clang/17/include]
    add: [/Applications/Xcode.app/Contents/Developer/Platforms/MacOSX.platform/Developer/SDKs/MacOSX15.4.sdk/usr/include]
    add: [/Applications/Xcode.app/Contents/Developer/Toolchains/XcodeDefault.xctoolchain/usr/include]
  end of search list found
  collapse include dir [/Applications/Xcode.app/Contents/Developer/Platforms/MacOSX.platform/Developer/SDKs/MacOSX15.4.sdk/usr/include/c++/v1] ==> [/Applications/Xcode.app/Contents/Developer/Platforms/MacOSX.platform/Developer/SDKs/MacOSX15.4.sdk/usr/include/c++/v1]
  collapse include dir [/Applications/Xcode.app/Contents/Developer/Toolchains/XcodeDefault.xctoolchain/usr/lib/clang/17/include] ==> [/Applications/Xcode.app/Contents/Developer/Toolchains/XcodeDefault.xctoolchain/usr/lib/clang/17/include]
  collapse include dir [/Applications/Xcode.app/Contents/Developer/Platforms/MacOSX.platform/Developer/SDKs/MacOSX15.4.sdk/usr/include] ==> [/Applications/Xcode.app/Contents/Developer/Platforms/MacOSX.platform/Developer/SDKs/MacOSX15.4.sdk/usr/include]
  collapse include dir [/Applications/Xcode.app/Contents/Developer/Toolchains/XcodeDefault.xctoolchain/usr/include] ==> [/Applications/Xcode.app/Contents/Developer/Toolchains/XcodeDefault.xctoolchain/usr/include]
  implicit include dirs: [/Applications/Xcode.app/Contents/Developer/Platforms/MacOSX.platform/Developer/SDKs/MacOSX15.4.sdk/usr/include/c++/v1;/Applications/Xcode.app/Contents/Developer/Toolchains/XcodeDefault.xctoolchain/usr/lib/clang/17/include;/Applications/Xcode.app/Contents/Developer/Platforms/MacOSX.platform/Developer/SDKs/MacOSX15.4.sdk/usr/include;/Applications/Xcode.app/Contents/Developer/Toolchains/XcodeDefault.xctoolchain/usr/include]


Parsed CXX implicit link information from above output:
  link line regex: [^( *|.*[/\])(ld|CMAKE_LINK_STARTFILE-NOTFOUND|([^/\]+-)?ld|collect2)[^/\]*( |$)]
  ignore line: [Change Dir: /Users/betty/Downloads/cdn-cache-ai/pingora_cache/target/release/build/libz-ng-sys-3cf075f2bd3b5853/out/build/CMakeFiles/CMakeTmp]
  ignore line: []
  ignore line: [Run Build Command(s):/usr/bin/make -f Makefile cmTC_13ee7/fast && /Applications/Xcode.app/Contents/Developer/usr/bin/make  -f CMakeFiles/cmTC_13ee7.dir/build.make CMakeFiles/cmTC_13ee7.dir/build]
  ignore line: [Building CXX object CMakeFiles/cmTC_13ee7.dir/CMakeCXXCompilerABI.cpp.o]
  ignore line: [/usr/bin/c++   -ffunction-sections -fdata-sections -fPIC --target=arm64-apple-macosx -mmacosx-version-min=15.4  -arch arm64 -isysroot /Applications/Xcode.app/Contents/Developer/Platforms/MacOSX.platform/Developer/SDKs/MacOSX15.4.sdk   -v -Wl -v -MD -MT CMakeFiles/cmTC_13ee7.dir/CMakeCXXCompilerABI.cpp.o -MF CMakeFiles/cmTC_13ee7.dir/CMakeCXXCompilerABI.cpp.o.d -o CMakeFiles/cmTC_13ee7.dir/CMakeCXXCompilerABI.cpp.o -c /usr/local/Cellar/cmake/3.22.2/share/cmake/Modules/CMakeCXXCompilerABI.cpp]
  ignore line: [Apple clang version 17.0.0 (clang-1700.0.13.3)]
  ignore line: [Target: arm64-apple-macosx]
  ignore line: [Thread model: posix]
  ignore line: [InstalledDir: /Applications/Xcode.app/Contents/Developer/Toolchains/XcodeDefault.xctoolchain/usr/bin]
  ignore line: [clang++: warning: -Wl -v: 'linker' input unused [-Wunused-command-line-argument]]
  ignore line: [ignoring nonexistent directory "/Applications/Xcode.app/Contents/Developer/Toolchains/XcodeDefault.xctoolchain/usr/bin/../include/c++/v1"]
  ignore line: [ "/Applications/Xcode.app/Contents/Developer/Toolchains/XcodeDefault.xctoolchain/usr/bin/clang" -cc1 -triple arm64-apple-macosx15.4.0 -Wundef-prefix=TARGET_OS_ -Wdeprecated-objc-isa-usage -Werror=deprecated-objc-isa-usage -Werror=implicit-function-declaration -emit-obj -disable-free -clear-ast-before-backend -disable-llvm-verifier -discard-value-names -main-file-name CMakeCXXCompilerABI.cpp -mrelocation-model pic -pic-level 2 -mframe-pointer=non-leaf -fno-strict-return -ffp-contract=on -fno-rounding-math -funwind-tables=1 -fobjc-msgsend-selector-stubs -target-sdk-version=15.4 -fvisibility-inlines-hidden-static-local-var -fdefine-target-os-macros -fno-assume-unique-vtables -fno-modulemap-allow-subdirectory-search -target-cpu apple-m1 -target-feature +zcm -target-feature +zcz -target-feature +v8.5a -target-feature +aes -target-feature +altnzcv -target-feature +ccdp -target-feature +complxnum -target-feature +crc -target-feature +dotprod -target-feature +fp-armv8 -target-feature +fp16fml -target-feature +fptoint -target-feature +fullfp16 -target-feature +jsconv -target-feature +lse -target-feature +neon -target-feature +pauth -target-feature +perfmon -target-feature +predres -target-feature +ras -target-feature +rcpc -target-feature +rdm -target-feature +sb -target-feature +sha2 -target-feature +sha3 -target-feature +specrestrict -target-feature +ssbs -target-abi darwinpcs -debugger-tuning=lldb -fdebug-compilation-dir=/Users/betty/Downloads/cdn-cache-ai/pingora_cache/target/release/build/libz-ng-sys-3cf075f2bd3b5853/out/build/CMakeFiles/CMakeTmp -target-linker-version 1167.4.1 -v -ffunction-sections -fdata-sections -fcoverage-compilation-dir=/Users/betty/Downloads/cdn-cache-ai/pingora_cache/target/release/build/libz-ng-sys-3cf075f2bd3b5853/out/build/CMakeFiles/CMakeTmp -resource-dir /Applications/Xcode.app/Contents/Developer/Toolchains/XcodeDefault.xctoolchain/usr/lib/clang/17 -dependency-file CMakeFiles/cmTC_13ee7.dir/CMakeCXXCompilerABI.cpp.o.d -skip-unused-modulemap-deps -MT CMakeFiles/cmTC_13ee7.dir/CMakeCXXCompilerABI.cpp.o -sys-header-deps -isysroot /Applications/Xcode.app/Contents/Developer/Platforms/MacOSX.platform/Developer/SDKs/MacOSX15.4.sdk -internal-isystem /Applications/Xcode.app/Contents/Developer/Platforms/MacOSX.platform/Developer/SDKs/MacOSX15.4.sdk/usr/include/c++/v1 -internal-isystem /Applications/Xcode.app/Contents/Developer/Platforms/MacOSX.platform/Developer/SDKs/MacOSX15.4.sdk/usr/local/include -internal-isystem /Applications/Xcode.app/Contents/Developer/Toolchains/XcodeDefault.xctoolchain/usr/lib/clang/17/include -internal-externc-isystem /Applications/Xcode.app/Contents/Developer/Platforms/MacOSX.platform/Developer/SDKs/MacOSX15.4.sdk/usr/include -internal-externc-isystem /Applications/Xcode.app/Contents/Developer/Toolchains/XcodeDefault.xctoolchain/usr/include -Wno-reorder-init-list -Wno-implicit-int-float-conversion -Wno-c99-designator -Wno-final-dtor-non-final-class -Wno-extra-semi-stmt -Wno-misleading-indentation -Wno-quoted-include-in-framework-header -Wno-implicit-fallthrough -Wno-enum-enum-conversion -Wno-enum-float-conversion -Wno-elaborated-enum-base -Wno-reserved-identifier -Wno-gnu-folding-constant -fdeprecated-macro -ferror-limit 19 -stack-protector 1 -fstack-check -mdarwin-stkchk-strong-link -fblocks -fencode-extended-block-signature -fregister-global-dtors-with-atexit -fgnuc-version=4.2.1 -fno-cxx-modules -fskip-odr-check-in-gmf -fcxx-exceptions -fexceptions -fmax-type-align=16 -fcommon -clang-vendor-feature=+disableNonDependentMemberExprInCurrentInstantiation -fno-odr-hash-protocols -clang-vendor-feature=+enableAggressiveVLAFolding -clang-vendor-feature=+revert09abecef7bbf -clang-vendor-feature=+thisNoAlignAttr -clang-vendor-feature=+thisNoNullAttr -clang-vendor-feature=+disableAtImportPrivateFrameworkInImplementationError -D__GCC_HAVE_DWARF2_CFI_ASM=1 -o CMakeFiles/cmTC_13ee7.dir/CMakeCXXCompilerABI.cpp.o -x c++ /usr/local/Cellar/cmake/3.22.2/share/cmake/Modules/CMakeCXXCompilerABI.cpp]
  ignore line: [clang -cc1 version 17.0.0 (clang-1700.0.13.3) default target x86_64-apple-darwin25.1.0]
  ignore line: [ignoring nonexistent directory "/Applications/Xcode.app/Contents/Developer/Platforms/MacOSX.platform/Developer/SDKs/MacOSX15.4.sdk/usr/local/include"]
  ignore line: [ignoring nonexistent directory "/Applications/Xcode.app/Contents/Developer/Platforms/MacOSX.platform/Developer/SDKs/MacOSX15.4.sdk/System/Library/SubFrameworks"]
  ignore line: [ignoring nonexistent directory "/Applications/Xcode.app/Contents/Developer/Platforms/MacOSX.platform/Developer/SDKs/MacOSX15.4.sdk/Library/Frameworks"]
  ignore line: [#include "..." search starts here:]
  ignore line: [#include <...> search starts here:]
  ignore line: [ /Applications/Xcode.app/Contents/Developer/Platforms/MacOSX.platform/Developer/SDKs/MacOSX15.4.sdk/usr/include/c++/v1]
  ignore line: [ /Applications/Xcode.app/Contents/Developer/Toolchains/XcodeDefault.xctoolchain/usr/lib/clang/17/include]
  ignore line: [ /Applications/Xcode.app/Contents/Developer/Platforms/MacOSX.platform/Developer/SDKs/MacOSX15.4.sdk/usr/include]
  ignore line: [ /Applications/Xcode.app/Contents/Developer/Toolchains/XcodeDefault.xctoolchain/usr/include]
  ignore line: [ /Applications/Xcode.app/Contents/Developer/Platforms/MacOSX.platform/Developer/SDKs/MacOSX15.4.sdk/System/Library/Frameworks (framework directory)]
  ignore line: [End of search list.]
  ignore line: [Linking CXX executable cmTC_13ee7]
  ignore line: [/usr/local/Cellar/cmake/3.22.2/bin/cmake -E cmake_link_script CMakeFiles/cmTC_13ee7.dir/link.txt --verbose=1]
  ignore line: [/usr/bin/c++  -ffunction-sections -fdata-sections -fPIC --target=arm64-apple-macosx -mmacosx-version-min=15.4  -arch arm64 -isysroot /Applications/Xcode.app/Contents/Developer/Platforms/MacOSX.platform/Developer/SDKs/MacOSX15.4.sdk -Wl -search_paths_first -Wl -headerpad_max_install_names  -v -Wl -v CMakeFiles/cmTC_13ee7.dir/CMakeCXXCompilerABI.cpp.o -o cmTC_13ee7 ]
  ignore line: [Apple clang version 17.0.0 (clang-1700.0.13.3)]
  ignore line: [Target: arm64-apple-macosx]
  ignore line: [Thread model: posix]
  ignore line: [InstalledDir: /Applications/Xcode.app/Contents/Developer/Toolchains/XcodeDefault.xctoolchain/usr/bin]
  link line: [ "/Applications/Xcode.app/Contents/Developer/Toolchains/XcodeDefault.xctoolchain/usr/bin/ld" -demangle -lto_library /Applications/Xcode.app/Contents/Developer/Toolchains/XcodeDefault.xctoolchain/usr/lib/libLTO.dylib -dynamic -arch arm64 -platform_version macos 15.4.0 15.4 -syslibroot /Applications/Xcode.app/Contents/Developer/Platforms/MacOSX.platform/Developer/SDKs/MacOSX15.4.sdk -mllvm -enable-linkonceodr-outlining -o cmTC_13ee7 -search_paths_first -headerpad_max_install_names -v CMakeFiles/cmTC_13ee7.dir/CMakeCXXCompilerABI.cpp.o -lc++ -lSystem /Applications/Xcode.app/Contents/Developer/Toolchains/XcodeDefault.xctoolchain/usr/lib/clang/17/lib/darwin/libclang_rt.osx.a]
    arg [/Applications/Xcode.app/Contents/Developer/Toolchains/XcodeDefault.xctoolchain/usr/bin/ld] ==> ignore
    arg [-demangle] ==> ignore
    arg [-lto_library] ==> ignore, skip following value
    arg [/Applications/Xcode.app/Contents/Developer/Toolchains/XcodeDefault.xctoolchain/usr/lib/libLTO.dylib] ==> skip value of -lto_library
    arg [-dynamic] ==> ignore
    arg [-arch] ==> ignore
    arg [arm64] ==> ignore
    arg [-platform_version] ==> ignore
    arg [macos] ==> ignore
    arg [15.4.0] ==> ignore
    arg [15.4] ==> ignore
    arg [-syslibroot] ==> ignore
    arg [/Applications/Xcode.app/Contents/Developer/Platforms/MacOSX.platform/Developer/SDKs/MacOSX15.4.sdk] ==> ignore
    arg [-mllvm] ==> ignore
    arg [-enable-linkonceodr-outlining] ==> ignore
    arg [-o] ==> ignore
    arg [cmTC_13ee7] ==> ignore
    arg [-search_paths_first] ==> ignore
    arg [-headerpad_max_install_names] ==> ignore
    arg [-v] ==> ignore
    arg [CMakeFiles/cmTC_13ee7.dir/CMakeCXXCompilerABI.cpp.o] ==> ignore
    arg [-lc++] ==> lib [c++]
    arg [-lSystem] ==> lib [System]
    arg [/Applications/Xcode.app/Contents/Developer/Toolchains/XcodeDefault.xctoolchain/usr/lib/clang/17/lib/darwin/libclang_rt.osx.a] ==> lib [/Applications/Xcode.app/Contents/Developer/Toolchains/XcodeDefault.xctoolchain/usr/lib/clang/17/lib/darwin/libclang_rt.osx.a]
  Library search paths: [;/Applications/Xcode.app/Contents/Developer/Platforms/MacOSX.platform/Developer/SDKs/MacOSX15.4.sdk/usr/lib;/Applications/Xcode.app/Contents/Developer/Platforms/MacOSX.platform/Developer/SDKs/MacOSX15.4.sdk/usr/lib/swift]
  Framework search paths: [;/Applications/Xcode.app/Contents/Developer/Platforms/MacOSX.platform/Developer/SDKs/MacOSX15.4.sdk/System/Library/Frameworks]
  remove lib [System]
  remove lib [/Applications/Xcode.app/Contents/Developer/Toolchains/XcodeDefault.xctoolchain/usr/lib/clang/17/lib/darwin/libclang_rt.osx.a]
  collapse library dir [/Applications/Xcode.app/Contents/Developer/Platforms/MacOSX.platform/Developer/SDKs/MacOSX15.4.sdk/usr/lib] ==> [/Applications/Xcode.app/Contents/Developer/Platforms/MacOSX.platform/Developer/SDKs/MacOSX15.4.sdk/usr/lib]
  collapse library dir [/Applications/Xcode.app/Contents/Developer/Platforms/MacOSX.platform/Developer/SDKs/MacOSX15.4.sdk/usr/lib/swift] ==> [/Applications/Xcode.app/Contents/Developer/Platforms/MacOSX.platform/Developer/SDKs/MacOSX15.4.sdk/usr/lib/swift]
  collapse framework dir [/Applications/Xcode.app/Contents/Developer/Platforms/MacOSX.platform/Developer/SDKs/MacOSX15.4.sdk/System/Library/Frameworks] ==> [/Applications/Xcode.app/Contents/Developer/Platforms/MacOSX.platform/Developer/SDKs/MacOSX15.4.sdk/System/Library/Frameworks]
  implicit libs: [c++]
  implicit objs: []
  implicit dirs: [/Applications/Xcode.app/Contents/Developer/Platforms/MacOSX.platform/Developer/SDKs/MacOSX15.4.sdk/usr/lib;/Applications/Xcode.app/Contents/Developer/Platforms/MacOSX.platform/Developer/SDKs/MacOSX15.4.sdk/usr/lib/swift]
  implicit fwks: [/Applications/Xcode.app/Contents/Developer/Platforms/MacOSX.platform/Developer/SDKs/MacOSX15.4.sdk/System/Library/Frameworks]


Performing C SOURCE FILE Test FNO_LTO_AVAILABLE succeeded with the following output:
Change Dir: /Users/betty/Downloads/cdn-cache-ai/pingora_cache/target/release/build/libz-ng-sys-3cf075f2bd3b5853/out/build/CMakeFiles/CMakeTmp

Run Build Command(s):/usr/bin/make -f Makefile cmTC_2f1c8/fast && /Applications/Xcode.app/Contents/Developer/usr/bin/make  -f CMakeFiles/cmTC_2f1c8.dir/build.make CMakeFiles/cmTC_2f1c8.dir/build
Building C object CMakeFiles/cmTC_2f1c8.dir/src.c.o
/usr/bin/cc -DFNO_LTO_AVAILABLE  -ffunction-sections -fdata-sections -fPIC --target=arm64-apple-macosx -mmacosx-version-min=15.4 -fno-lto -arch arm64 -isysroot /Applications/Xcode.app/Contents/Developer/Platforms/MacOSX.platform/Developer/SDKs/MacOSX15.4.sdk -std=c11 -MD -MT CMakeFiles/cmTC_2f1c8.dir/src.c.o -MF CMakeFiles/cmTC_2f1c8.dir/src.c.o.d -o CMakeFiles/cmTC_2f1c8.dir/src.c.o -c /Users/betty/Downloads/cdn-cache-ai/pingora_cache/target/release/build/libz-ng-sys-3cf075f2bd3b5853/out/build/CMakeFiles/CMakeTmp/src.c
Linking C executable cmTC_2f1c8
/usr/local/Cellar/cmake/3.22.2/bin/cmake -E cmake_link_script CMakeFiles/cmTC_2f1c8.dir/link.txt --verbose=1
/usr/bin/cc  -ffunction-sections -fdata-sections -fPIC --target=arm64-apple-macosx -mmacosx-version-min=15.4 -fno-lto -arch arm64 -isysroot /Applications/Xcode.app/Contents/Developer/Platforms/MacOSX.platform/Developer/SDKs/MacOSX15.4.sdk -Wl,-search_paths_first -Wl,-headerpad_max_install_names CMakeFiles/cmTC_2f1c8.dir/src.c.o -o cmTC_2f1c8 


Source file was:
int main() { return 0; }
Performing C SOURCE FILE Test HAVE_W_ERROR_UNGUARDED_AVAILABILITY succeeded with the following output:
Change Dir: /Users/betty/Downloads/cdn-cache-ai/pingora_cache/target/release/build/libz-ng-sys-3cf075f2bd3b5853/out/build/CMakeFiles/CMakeTmp

Run Build Command(s):/usr/bin/make -f Makefile cmTC_e0854/fast && /Applications/Xcode.app/Contents/Developer/usr/bin/make  -f CMakeFiles/cmTC_e0854.dir/build.make CMakeFiles/cmTC_e0854.dir/build
Building C object CMakeFiles/cmTC_e0854.dir/src.c.o
/usr/bin/cc -DHAVE_W_ERROR_UNGUARDED_AVAILABILITY  -ffunction-sections -fdata-sections -fPIC --target=arm64-apple-macosx -mmacosx-version-min=15.4  -arch arm64 -isysroot /Applications/Xcode.app/Contents/Developer/Platforms/MacOSX.platform/Developer/SDKs/MacOSX15.4.sdk   -Werror=unguarded-availability -std=c11 -MD -MT CMakeFiles/cmTC_e0854.dir/src.c.o -MF CMakeFiles/cmTC_e0854.dir/src.c.o.d -o CMakeFiles/cmTC_e0854.dir/src.c.o -c /Users/betty/Downloads/cdn-cache-ai/pingora_cache/target/release/build/libz-ng-sys-3cf075f2bd3b5853/out/build/CMakeFiles/CMakeTmp/src.c
Linking C executable cmTC_e0854
/usr/local/Cellar/cmake/3.22.2/bin/cmake -E cmake_link_script CMakeFiles/cmTC_e0854.dir/link.txt --verbose=1
/usr/bin/cc  -ffunction-sections -fdata-sections -fPIC --target=arm64-apple-macosx -mmacosx-version-min=15.4  -arch arm64 -isysroot /Applications/Xcode.app/Contents/Developer/Platforms/MacOSX.platform/Developer/SDKs/MacOSX15.4.sdk -Wl,-search_paths_first -Wl,-headerpad_max_install_names CMakeFiles/cmTC_e0854.dir/src.c.o -o cmTC_e0854 


Source file was:
int main(void) { return 0; }
Performing C SOURCE FILE Test HAVE_W_ERROR_UNGUARDED_AVAILABILITY_NEW succeeded with the following output:
Change Dir: /Users/betty/Downloads/cdn-cache-ai/pingora_cache/target/release/build/libz-ng-sys-3cf075f2bd3b5853/out/build/CMakeFiles/CMakeTmp

Run Build Command(s):/usr/bin/make -f Makefile cmTC_cfd6e/fast && /Applications/Xcode.app/Contents/Developer/usr/bin/make  -f CMakeFiles/cmTC_cfd6e.dir/build.make CMakeFiles/cmTC_cfd6e.dir/build
Building C object CMakeFiles/cmTC_cfd6e.dir/src.c.o
/usr/bin/cc -DHAVE_W_ERROR_UNGUARDED_AVAILABILITY_NEW  -ffunction-sections -fdata-sections -fPIC --target=arm64-apple-macosx -mmacosx-version-min=15.4  -arch arm64 -isysroot /Applications/Xcode.app/Contents/Developer/Platforms/MacOSX.platform/Developer/SDKs/MacOSX15.4.sdk   -Werror=unguarded-availability-new -std=c11 -MD -MT CMakeFiles/cmTC_cfd6e.dir/src.c.o -MF CMakeFiles/cmTC_cfd6e.dir/src.c.o.d -o CMakeFiles/cmTC_cfd6e.dir/src.c.o -c /Users/betty/Downloads/cdn-cache-ai/pingora_cache/target/release/build/libz-ng-sys-3cf075f2bd3b5853/out/build/CMakeFiles/CMakeTmp/src.c
Linking C executable cmTC_cfd6e
/usr/local/Cellar/cmake/3.22.2/bin/cmake -E cmake_link_script CMakeFiles/cmTC_cfd6e.dir/link.txt --verbose=1
/usr/bin/cc  -ffunction-sections -fdata-sections -fPIC --target=arm64-apple-macosx -mmacosx-version-min=15.4  -arch arm64 -isysroot /Applications/Xcode.app/Contents/Developer/Platforms/MacOSX.platform/Developer/SDKs/MacOSX15.4.sdk -Wl,-search_paths_first -Wl,-headerpad_max_install_names CMakeFiles/cmTC_cfd6e.dir/src.c.o -o cmTC_cfd6e 


Source file was:
int main(void) { return 0; }
Determining if the include file arm_acle.h exists passed with the following output:
Change Dir: /Users/betty/Downloads/cdn-cache-ai/pingora_cache/target/release/build/libz-ng-sys-3cf075f2bd3b5853/out/build/CMakeFiles/CMakeTmp

Run Build Command(s):/usr/bin/make -f Makefile cmTC_8a530/fast && /Applications/Xcode.app/Contents/Developer/usr/bin/make  -f CMakeFiles/cmTC_8a530.dir/build.make CMakeFiles/cmTC_8a530.dir/build
Building C object CMakeFiles/cmTC_8a530.dir/CheckIncludeFile.c.o
/usr/bin/cc   -ffunction-sections -fdata-sections -fPIC --target=arm64-apple-macosx -mmacosx-version-min=15.4  -arch arm64 -isysroot /Applications/Xcode.app/Contents/Developer/Platforms/MacOSX.platform/Developer/SDKs/MacOSX15.4.sdk -std=c11 -MD -MT CMakeFiles/cmTC_8a530.dir/CheckIncludeFile.c.o -MF CMakeFiles/cmTC_8a530.dir/CheckIncludeFile.c.o.d -o CMakeFiles/cmTC_8a530.dir/CheckIncludeFile.c.o -c /Users/betty/Downloads/cdn-cache-ai/pingora_cache/target/release/build/libz-ng-sys-3cf075f2bd3b5853/out/build/CMakeFiles/CMakeTmp/CheckIncludeFile.c
Linking C executable cmTC_8a530
/usr/local/Cellar/cmake/3.22.2/bin/cmake -E cmake_link_script CMakeFiles/cmTC_8a530.dir/link.txt --verbose=1
/usr/bin/cc  -ffunction-sections -fdata-sections -fPIC --target=arm64-apple-macosx -mmacosx-version-min=15.4  -arch arm64 -isysroot /Applications/Xcode.app/Contents/Developer/Platforms/MacOSX.platform/Developer/SDKs/MacOSX15.4.sdk -Wl,-search_paths_first -Wl,-headerpad_max_install_names CMakeFiles/cmTC_8a530.dir/CheckIncludeFile.c.o -o cmTC_8a530 



Determining if the include file sys/sdt.h exists passed with the following output:
Change Dir: /Users/betty/Downloads/cdn-cache-ai/pingora_cache/target/release/build/libz-ng-sys-3cf075f2bd3b5853/out/build/CMakeFiles/CMakeTmp

Run Build Command(s):/usr/bin/make -f Makefile cmTC_27e8e/fast && /Applications/Xcode.app/Contents/Developer/usr/bin/make  -f CMakeFiles/cmTC_27e8e.dir/build.make CMakeFiles/cmTC_27e8e.dir/build
Building C object CMakeFiles/cmTC_27e8e.dir/CheckIncludeFile.c.o
/usr/bin/cc   -ffunction-sections -fdata-sections -fPIC --target=arm64-apple-macosx -mmacosx-version-min=15.4  -arch arm64 -isysroot /Applications/Xcode.app/Contents/Developer/Platforms/MacOSX.platform/Developer/SDKs/MacOSX15.4.sdk -std=c11 -MD -MT CMakeFiles/cmTC_27e8e.dir/CheckIncludeFile.c.o -MF CMakeFiles/cmTC_27e8e.dir/CheckIncludeFile.c.o.d -o CMakeFiles/cmTC_27e8e.dir/CheckIncludeFile.c.o -c /Users/betty/Downloads/cdn-cache-ai/pingora_cache/target/release/build/libz-ng-sys-3cf075f2bd3b5853/out/build/CMakeFiles/CMakeTmp/CheckIncludeFile.c
Linking C executable cmTC_27e8e
/usr/local/Cellar/cmake/3.22.2/bin/cmake -E cmake_link_script CMakeFiles/cmTC_27e8e.dir/link.txt --verbose=1
/usr/bin/cc  -ffunction-sections -fdata-sections -fPIC --target=arm64-apple-macosx -mmacosx-version-min=15.4  -arch arm64 -isysroot /Applications/Xcode.app/Contents/Developer/Platforms/MacOSX.platform/Developer/SDKs/MacOSX15.4.sdk -Wl,-search_paths_first -Wl,-headerpad_max_install_names CMakeFiles/cmTC_27e8e.dir/CheckIncludeFile.c.o -o cmTC_27e8e 



Determining if the include file unistd.h exists passed with the following output:
Change Dir: /Users/betty/Downloads/cdn-cache-ai/pingora_cache/target/release/build/libz-ng-sys-3cf075f2bd3b5853/out/build/CMakeFiles/CMakeTmp

Run Build Command(s):/usr/bin/make -f Makefile cmTC_0db0c/fast && /Applications/Xcode.app/Contents/Developer/usr/bin/make  -f CMakeFiles/cmTC_0db0c.dir/build.make CMakeFiles/cmTC_0db0c.dir/build
Building C object CMakeFiles/cmTC_0db0c.dir/CheckIncludeFile.c.o
/usr/bin/cc   -ffunction-sections -fdata-sections -fPIC --target=arm64-apple-macosx -mmacosx-version-min=15.4  -arch arm64 -isysroot /Applications/Xcode.app/Contents/Developer/Platforms/MacOSX.platform/Developer/SDKs/MacOSX15.4.sdk -std=c11 -MD -MT CMakeFiles/cmTC_0db0c.dir/CheckIncludeFile.c.o -MF CMakeFiles/cmTC_0db0c.dir/CheckIncludeFile.c.o.d -o CMakeFiles/cmTC_0db0c.dir/CheckIncludeFile.c.o -c /Users/betty/Downloads/cdn-cache-ai/pingora_cache/target/release/build/libz-ng-sys-3cf075f2bd3b5853/out/build/CMakeFiles/CMakeTmp/CheckIncludeFile.c
Linking C executable cmTC_0db0c
/usr/local/Cellar/cmake/3.22.2/bin/cmake -E cmake_link_script CMakeFiles/cmTC_0db0c.dir/link.txt --verbose=1
/usr/bin/cc  -ffunction-sections -fdata-sections -fPIC --target=arm64-apple-macosx -mmacosx-version-min=15.4  -arch arm64 -isysroot /Applications/Xcode.app/Contents/Developer/Platforms/MacOSX.platform/Developer/SDKs/MacOSX15.4.sdk -Wl,-search_paths_first -Wl,-headerpad_max_install_names CMakeFiles/cmTC_0db0c.dir/CheckIncludeFile.c.o -o cmTC_0db0c 



Determining if the include file sys/types.h exists passed with the following output:
Change Dir: /Users/betty/Downloads/cdn-cache-ai/pingora_cache/target/release/build/libz-ng-sys-3cf075f2bd3b5853/out/build/CMakeFiles/CMakeTmp

Run Build Command(s):/usr/bin/make -f Makefile cmTC_9ebb4/fast && /Applications/Xcode.app/Contents/Developer/usr/bin/make  -f CMakeFiles/cmTC_9ebb4.dir/build.make CMakeFiles/cmTC_9ebb4.dir/build
Building C object CMakeFiles/cmTC_9ebb4.dir/CheckIncludeFile.c.o
/usr/bin/cc -D_LARGEFILE64_SOURCE=1 -D__USE_LARGEFILE64  -ffunction-sections -fdata-sections -fPIC --target=arm64-apple-macosx -mmacosx-version-min=15.4  -arch arm64 -isysroot /Applications/Xcode.app/Contents/Developer/Platforms/MacOSX.platform/Developer/SDKs/MacOSX15.4.sdk -std=c11 -MD -MT CMakeFiles/cmTC_9ebb4.dir/CheckIncludeFile.c.o -MF CMakeFiles/cmTC_9ebb4.dir/CheckIncludeFile.c.o.d -o CMakeFiles/cmTC_9ebb4.dir/CheckIncludeFile.c.o -c /Users/betty/Downloads/cdn-cache-ai/pingora_cache/target/release/build/libz-ng-sys-3cf075f2bd3b5853/out/build/CMakeFiles/CMakeTmp/CheckIncludeFile.c
Linking C executable cmTC_9ebb4
/usr/local/Cellar/cmake/3.22.2/bin/cmake -E cmake_link_script CMakeFiles/cmTC_9ebb4.dir/link.txt --verbose=1
/usr/bin/cc  -ffunction-sections -fdata-sections -fPIC --target=arm64-apple-macosx -mmacosx-version-min=15.4  -arch arm64 -isysroot /Applications/Xcode.app/Contents/Developer/Platforms/MacOSX.platform/Developer/SDKs/MacOSX15.4.sdk -Wl,-search_paths_first -Wl,-headerpad_max_install_names CMakeFiles/cmTC_9ebb4.dir/CheckIncludeFile.c.o -o cmTC_9ebb4 



Determining if the include file stdint.h exists passed with the following output:
Change Dir: /Users/betty/Downloads/cdn-cache-ai/pingora_cache/target/release/build/libz-ng-sys-3cf075f2bd3b5853/out/build/CMakeFiles/CMakeTmp

Run Build Command(s):/usr/bin/make -f Makefile cmTC_01095/fast && /Applications/Xcode.app/Contents/Developer/usr/bin/make  -f CMakeFiles/cmTC_01095.dir/build.make CMakeFiles/cmTC_01095.dir/build
Building C object CMakeFiles/cmTC_01095.dir/CheckIncludeFile.c.o
/usr/bin/cc -D_LARGEFILE64_SOURCE=1 -D__USE_LARGEFILE64  -ffunction-sections -fdata-sections -fPIC --target=arm64-apple-macosx -mmacosx-version-min=15.4  -arch arm64 -isysroot /Applications/Xcode.app/Contents/Developer/Platforms/MacOSX.platform/Developer/SDKs/MacOSX15.4.sdk -std=c11 -MD -MT CMakeFiles/cmTC_01095.dir/CheckIncludeFile.c.o -MF CMakeFiles/cmTC_01095.dir/CheckIncludeFile.c.o.d -o CMakeFiles/cmTC_01095.dir/CheckIncludeFile.c.o -c /Users/betty/Downloads/cdn-cache-ai/pingora_cache/target/release/build/libz-ng-sys-3cf075f2bd3b5853/out/build/CMakeFiles/CMakeTmp/CheckIncludeFile.c
Linking C executable cmTC_01095
/usr/local/Cellar/cmake/3.22.2/bin/cmake -E cmake_link_script CMakeFiles/cmTC_01095.dir/link.txt --verbose=1
/usr/bin/cc  -ffunction-sections -fdata-sections -fPIC --target=arm64-apple-macosx -mmacosx-version-min=15.4  -arch arm64 -isysroot /Applications/Xcode.app/Contents/Developer/Platforms/MacOSX.platform/Developer/SDKs/MacOSX15.4.sdk -Wl,-search_paths_first -Wl,-headerpad_max_install_names CMakeFiles/cmTC_01095.dir/CheckIncludeFile.c.o -o cmTC_01095 



Determining if the include file stddef.h exists passed with the following output:
Change Dir: /Users/betty/Downloads/cdn-cache-ai/pingora_cache/target/release/build/libz-ng-sys-3cf075f2bd3b5853/out/build/CMakeFiles/CMakeTmp

Run Build Command(s):/usr/bin/make -f Makefile cmTC_fc224/fast && /Applications/Xcode.app/Contents/Developer/usr/bin/make  -f CMakeFiles/cmTC_fc224.dir/build.make CMakeFiles/cmTC_fc224.dir/build
Building C object CMakeFiles/cmTC_fc224.dir/CheckIncludeFile.c.o
/usr/bin/cc -D_LARGEFILE64_SOURCE=1 -D__USE_LARGEFILE64  -ffunction-sections -fdata-sections -fPIC --target=arm64-apple-macosx -mmacosx-version-min=15.4  -arch arm64 -isysroot /Applications/Xcode.app/Contents/Developer/Platforms/MacOSX.platform/Developer/SDKs/MacOSX15.4.sdk -std=c11 -MD -MT CMakeFiles/cmTC_fc224.dir/CheckIncludeFile.c.o -MF CMakeFiles/cmTC_fc224.dir/CheckIncludeFile.c.o.d -o CMakeFiles/cmTC_fc224.dir/CheckIncludeFile.c.o -c /Users/betty/Downloads/cdn-cache-ai/pingora_cache/target/release/build/libz-ng-sys-3cf075f2bd3b5853/out/build/CMakeFiles/CMakeTmp/CheckIncludeFile.c
Linking C executable cmTC_fc224
/usr/local/Cellar/cmake/3.22.2/bin/cmake -E cmake_link_script CMakeFiles/cmTC_fc224.dir/link.txt --verbose=1
/usr/bin/cc  -ffunction-sections -fdata-sections -fPIC --target=arm64-apple-macosx -mmacosx-version-min=15.4  -arch arm64 -isysroot /Applications/Xcode.app/Contents/Developer/Platforms/MacOSX.platform/Developer/SDKs/MacOSX15.4.sdk -Wl,-search_paths_first -Wl,-headerpad_max_install_names CMakeFiles/cmTC_fc224.dir/CheckIncludeFile.c.o -o cmTC_fc224 



Determining if the function fseeko exists passed with the following output:
Change Dir: /Users/betty/Downloads/cdn-cache-ai/pingora_cache/target/release/build/libz-ng-sys-3cf075f2bd3b5853/out/build/CMakeFiles/CMakeTmp

Run Build Command(s):/usr/bin/make -f Makefile cmTC_0a9e0/fast && /Applications/Xcode.app/Contents/Developer/usr/bin/make  -f CMakeFiles/cmTC_0a9e0.dir/build.make CMakeFiles/cmTC_0a9e0.dir/build
Building C object CMakeFiles/cmTC_0a9e0.dir/CheckFunctionExists.c.o
/usr/bin/cc   -ffunction-sections -fdata-sections -fPIC --target=arm64-apple-macosx -mmacosx-version-min=15.4 -DCHECK_FUNCTION_EXISTS=fseeko  -Werror=unguarded-availability -Werror=unguarded-availability-new -arch arm64 -isysroot /Applications/Xcode.app/Contents/Developer/Platforms/MacOSX.platform/Developer/SDKs/MacOSX15.4.sdk -std=c11 -MD -MT CMakeFiles/cmTC_0a9e0.dir/CheckFunctionExists.c.o -MF CMakeFiles/cmTC_0a9e0.dir/CheckFunctionExists.c.o.d -o CMakeFiles/cmTC_0a9e0.dir/CheckFunctionExists.c.o -c /usr/local/Cellar/cmake/3.22.2/share/cmake/Modules/CheckFunctionExists.c
Linking C executable cmTC_0a9e0
/usr/local/Cellar/cmake/3.22.2/bin/cmake -E cmake_link_script CMakeFiles/cmTC_0a9e0.dir/link.txt --verbose=1
/usr/bin/cc  -ffunction-sections -fdata-sections -fPIC --target=arm64-apple-macosx -mmacosx-version-min=15.4 -DCHECK_FUNCTION_EXISTS=fseeko  -Werror=unguarded-availability -Werror=unguarded-availability-new -arch arm64 -isysroot /Applications/Xcode.app/Contents/Developer/Platforms/MacOSX.platform/Developer/SDKs/MacOSX15.4.sdk -Wl,-search_paths_first -Wl,-headerpad_max_install_names CMakeFiles/cmTC_0a9e0.dir/CheckFunctionExists.c.o -o cmTC_0a9e0 



Determining if the function strerror exists passed with the following output:
Change Dir: /Users/betty/Downloads/cdn-cache-ai/pingora_cache/target/release/build/libz-ng-sys-3cf075f2bd3b5853/out/build/CMakeFiles/CMakeTmp

Run Build Command(s):/usr/bin/make -f Makefile cmTC_b7c05/fast && /Applications/Xcode.app/Contents/Developer/usr/bin/make  -f CMakeFiles/cmTC_b7c05.dir/build.make CMakeFiles/cmTC_b7c05.dir/build
Building C object CMakeFiles/cmTC_b7c05.dir/CheckFunctionExists.c.o
/usr/bin/cc   -ffunction-sections -fdata-sections -fPIC --target=arm64-apple-macosx -mmacosx-version-min=15.4 -DCHECK_FUNCTION_EXISTS=strerror  -Werror=unguarded-availability -Werror=unguarded-availability-new -arch arm64 -isysroot /Applications/Xcode.app/Contents/Developer/Platforms/MacOSX.platform/Developer/SDKs/MacOSX15.4.sdk -std=c11 -MD -MT CMakeFiles/cmTC_b7c05.dir/CheckFunctionExists.c.o -MF CMakeFiles/cmTC_b7c05.dir/CheckFunctionExists.c.o.d -o CMakeFiles/cmTC_b7c05.dir/CheckFunctionExists.c.o -c /usr/local/Cellar/cmake/3.22.2/share/cmake/Modules/CheckFunctionExists.c
/usr/local/Cellar/cmake/3.22.2/share/cmake/Modules/CheckFunctionExists.c:7:3: warning: incompatible redeclaration of library function 'strerror' [-Wincompatible-library-redeclaration]
    7 |   CHECK_FUNCTION_EXISTS(void);
      |   ^
<command line>:1:31: note: expanded from macro 'CHECK_FUNCTION_EXISTS'
    1 | #define CHECK_FUNCTION_EXISTS strerror
      |                               ^
/usr/local/Cellar/cmake/3.22.2/share/cmake/Modules/CheckFunctionExists.c:7:3: note: 'strerror' is a builtin with type 'char *(int)'
<command line>:1:31: note: expanded from macro 'CHECK_FUNCTION_EXISTS'
    1 | #define CHECK_FUNCTION_EXISTS strerror
      |                               ^
1 warning generated.
Linking C executable cmTC_b7c05
/usr/local/Cellar/cmake/3.22.2/bin/cmake -E cmake_link_script CMakeFiles/cmTC_b7c05.dir/link.txt --verbose=1
/usr/bin/cc  -ffunction-sections -fdata-sections -fPIC --target=arm64-apple-macosx -mmacosx-version-min=15.4 -DCHECK_FUNCTION_EXISTS=strerror  -Werror=unguarded-availability -Werror=unguarded-availability-new -arch arm64 -isysroot /Applications/Xcode.app/Contents/Developer/Platforms/MacOSX.platform/Developer/SDKs/MacOSX15.4.sdk -Wl,-search_paths_first -Wl,-headerpad_max_install_names CMakeFiles/cmTC_b7c05.dir/CheckFunctionExists.c.o -o cmTC_b7c05 



Determining if the posix_memalign exist passed with the following output:
Change Dir: /Users/betty/Downloads/cdn-cache-ai/pingora_cache/target/release/build/libz-ng-sys-3cf075f2bd3b5853/out/build/CMakeFiles/CMakeTmp

Run Build Command(s):/usr/bin/make -f Makefile cmTC_b2c7e/fast && /Applications/Xcode.app/Contents/Developer/usr/bin/make  -f CMakeFiles/cmTC_b2c7e.dir/build.make CMakeFiles/cmTC_b2c7e.dir/build
Building C object CMakeFiles/cmTC_b2c7e.dir/CheckSymbolExists.c.o
/usr/bin/cc -D_ISOC11_SOURCE=1 -D_POSIX_C_SOURCE=200112L  -ffunction-sections -fdata-sections -fPIC --target=arm64-apple-macosx -mmacosx-version-min=15.4  -Werror=unguarded-availability -Werror=unguarded-availability-new -arch arm64 -isysroot /Applications/Xcode.app/Contents/Developer/Platforms/MacOSX.platform/Developer/SDKs/MacOSX15.4.sdk -std=c11 -MD -MT CMakeFiles/cmTC_b2c7e.dir/CheckSymbolExists.c.o -MF CMakeFiles/cmTC_b2c7e.dir/CheckSymbolExists.c.o.d -o CMakeFiles/cmTC_b2c7e.dir/CheckSymbolExists.c.o -c /Users/betty/Downloads/cdn-cache-ai/pingora_cache/target/release/build/libz-ng-sys-3cf075f2bd3b5853/out/build/CMakeFiles/CMakeTmp/CheckSymbolExists.c
Linking C executable cmTC_b2c7e
/usr/local/Cellar/cmake/3.22.2/bin/cmake -E cmake_link_script CMakeFiles/cmTC_b2c7e.dir/link.txt --verbose=1
/usr/bin/cc  -ffunction-sections -fdata-sections -fPIC --target=arm64-apple-macosx -mmacosx-version-min=15.4  -Werror=unguarded-availability -Werror=unguarded-availability-new -arch arm64 -isysroot /Applications/Xcode.app/Contents/Developer/Platforms/MacOSX.platform/Developer/SDKs/MacOSX15.4.sdk -Wl,-search_paths_first -Wl,-headerpad_max_install_names CMakeFiles/cmTC_b2c7e.dir/CheckSymbolExists.c.o -o cmTC_b2c7e 


File /Users/betty/Downloads/cdn-cache-ai/pingora_cache/target/release/build/libz-ng-sys-3cf075f2bd3b5853/out/build/CMakeFiles/CMakeTmp/CheckSymbolExists.c:
/* */
#include <stdlib.h>

int main(int argc, char** argv)
{
  (void)argv;
#ifndef posix_memalign
  return ((int*)(&posix_memalign))[argc];
#else
  (void)argc;
  return 0;
#endif
}
Determining if the aligned_alloc exist passed with the following output:
Change Dir: /Users/betty/Downloads/cdn-cache-ai/pingora_cache/target/release/build/libz-ng-sys-3cf075f2bd3b5853/out/build/CMakeFiles/CMakeTmp

Run Build Command(s):/usr/bin/make -f Makefile cmTC_6117e/fast && /Applications/Xcode.app/Contents/Developer/usr/bin/make  -f CMakeFiles/cmTC_6117e.dir/build.make CMakeFiles/cmTC_6117e.dir/build
Building C object CMakeFiles/cmTC_6117e.dir/CheckSymbolExists.c.o
/usr/bin/cc -D_ISOC11_SOURCE=1 -D_POSIX_C_SOURCE=200112L  -ffunction-sections -fdata-sections -fPIC --target=arm64-apple-macosx -mmacosx-version-min=15.4  -Werror=unguarded-availability -Werror=unguarded-availability-new -arch arm64 -isysroot /Applications/Xcode.app/Contents/Developer/Platforms/MacOSX.platform/Developer/SDKs/MacOSX15.4.sdk -std=c11 -MD -MT CMakeFiles/cmTC_6117e.dir/CheckSymbolExists.c.o -MF CMakeFiles/cmTC_6117e.dir/CheckSymbolExists.c.o.d -o CMakeFiles/cmTC_6117e.dir/CheckSymbolExists.c.o -c /Users/betty/Downloads/cdn-cache-ai/pingora_cache/target/release/build/libz-ng-sys-3cf075f2bd3b5853/out/build/CMakeFiles/CMakeTmp/CheckSymbolExists.c
Linking C executable cmTC_6117e
/usr/local/Cellar/cmake/3.22.2/bin/cmake -E cmake_link_script CMakeFiles/cmTC_6117e.dir/link.txt --verbose=1
/usr/bin/cc  -ffunction-sections -fdata-sections -fPIC --target=arm64-apple-macosx -mmacosx-version-min=15.4  -Werror=unguarded-availability -Werror=unguarded-availability-new -arch arm64 -isysroot /Applications/Xcode.app/Contents/Developer/Platforms/MacOSX.platform/Developer/SDKs/MacOSX15.4.sdk -Wl,-search_paths_first -Wl,-headerpad_max_install_names CMakeFiles/cmTC_6117e.dir/CheckSymbolExists.c.o -o cmTC_6117e 


File /Users/betty/Downloads/cdn-cache-ai/pingora_cache/target/release/build/libz-ng-sys-3cf075f2bd3b5853/out/build/CMakeFiles/CMakeTmp/CheckSymbolExists.c:
/* */
#include <stdlib.h>

int main(int argc, char** argv)
{
  (void)argv;
#ifndef aligned_alloc
  return ((int*)(&aligned_alloc))[argc];
#else
  (void)argc;
  return 0;
#endif
}
Performing C SOURCE FILE Test HAVE_NO_INTERPOSITION succeeded with the following output:
Change Dir: /Users/betty/Downloads/cdn-cache-ai/pingora_cache/target/release/build/libz-ng-sys-3cf075f2bd3b5853/out/build/CMakeFiles/CMakeTmp

Run Build Command(s):/usr/bin/make -f Makefile cmTC_12875/fast && /Applications/Xcode.app/Contents/Developer/usr/bin/make  -f CMakeFiles/cmTC_12875.dir/build.make CMakeFiles/cmTC_12875.dir/build
Building C object CMakeFiles/cmTC_12875.dir/src.c.o
/usr/bin/cc -DHAVE_NO_INTERPOSITION  -ffunction-sections -fdata-sections -fPIC --target=arm64-apple-macosx -mmacosx-version-min=15.4  -arch arm64 -isysroot /Applications/Xcode.app/Contents/Developer/Platforms/MacOSX.platform/Developer/SDKs/MacOSX15.4.sdk   -fno-semantic-interposition -std=c11 -MD -MT CMakeFiles/cmTC_12875.dir/src.c.o -MF CMakeFiles/cmTC_12875.dir/src.c.o.d -o CMakeFiles/cmTC_12875.dir/src.c.o -c /Users/betty/Downloads/cdn-cache-ai/pingora_cache/target/release/build/libz-ng-sys-3cf075f2bd3b5853/out/build/CMakeFiles/CMakeTmp/src.c
clang: warning: argument unused during compilation: '-fno-semantic-interposition' [-Wunused-command-line-argument]
Linking C executable cmTC_12875
/usr/local/Cellar/cmake/3.22.2/bin/cmake -E cmake_link_script CMakeFiles/cmTC_12875.dir/link.txt --verbose=1
/usr/bin/cc  -ffunction-sections -fdata-sections -fPIC --target=arm64-apple-macosx -mmacosx-version-min=15.4  -arch arm64 -isysroot /Applications/Xcode.app/Contents/Developer/Platforms/MacOSX.platform/Developer/SDKs/MacOSX15.4.sdk -Wl,-search_paths_first -Wl,-headerpad_max_install_names CMakeFiles/cmTC_12875.dir/src.c.o -o cmTC_12875 


Source file was:
int main(void) { return 0; }
Performing C SOURCE FILE Test HAVE_ATTRIBUTE_VISIBILITY_HIDDEN succeeded with the following output:
Change Dir: /Users/betty/Downloads/cdn-cache-ai/pingora_cache/target/release/build/libz-ng-sys-3cf075f2bd3b5853/out/build/CMakeFiles/CMakeTmp

Run Build Command(s):/usr/bin/make -f Makefile cmTC_aaca1/fast && /Applications/Xcode.app/Contents/Developer/usr/bin/make  -f CMakeFiles/cmTC_aaca1.dir/build.make CMakeFiles/cmTC_aaca1.dir/build
Building C object CMakeFiles/cmTC_aaca1.dir/src.c.o
/usr/bin/cc -DHAVE_ATTRIBUTE_VISIBILITY_HIDDEN  -ffunction-sections -fdata-sections -fPIC --target=arm64-apple-macosx -mmacosx-version-min=15.4  -arch arm64 -isysroot /Applications/Xcode.app/Contents/Developer/Platforms/MacOSX.platform/Developer/SDKs/MacOSX15.4.sdk -std=c11 -MD -MT CMakeFiles/cmTC_aaca1.dir/src.c.o -MF CMakeFiles/cmTC_aaca1.dir/src.c.o.d -o CMakeFiles/cmTC_aaca1.dir/src.c.o -c /Users/betty/Downloads/cdn-cache-ai/pingora_cache/target/release/build/libz-ng-sys-3cf075f2bd3b5853/out/build/CMakeFiles/CMakeTmp/src.c
Linking C executable cmTC_aaca1
/usr/local/Cellar/cmake/3.22.2/bin/cmake -E cmake_link_script CMakeFiles/cmTC_aaca1.dir/link.txt --verbose=1
/usr/bin/cc  -ffunction-sections -fdata-sections -fPIC --target=arm64-apple-macosx -mmacosx-version-min=15.4  -arch arm64 -isysroot /Applications/Xcode.app/Contents/Developer/Platforms/MacOSX.platform/Developer/SDKs/MacOSX15.4.sdk -Wl,-search_paths_first -Wl,-headerpad_max_install_names CMakeFiles/cmTC_aaca1.dir/src.c.o -o cmTC_aaca1 


Source file was:
#define Z_INTERNAL __attribute__((visibility ("hidden")))
    int Z_INTERNAL foo;
    int main() {
        return 0;
    }
Performing C SOURCE FILE Test HAVE_ATTRIBUTE_VISIBILITY_INTERNAL succeeded with the following output:
Change Dir: /Users/betty/Downloads/cdn-cache-ai/pingora_cache/target/release/build/libz-ng-sys-3cf075f2bd3b5853/out/build/CMakeFiles/CMakeTmp

Run Build Command(s):/usr/bin/make -f Makefile cmTC_63378/fast && /Applications/Xcode.app/Contents/Developer/usr/bin/make  -f CMakeFiles/cmTC_63378.dir/build.make CMakeFiles/cmTC_63378.dir/build
Building C object CMakeFiles/cmTC_63378.dir/src.c.o
/usr/bin/cc -DHAVE_ATTRIBUTE_VISIBILITY_INTERNAL  -ffunction-sections -fdata-sections -fPIC --target=arm64-apple-macosx -mmacosx-version-min=15.4  -arch arm64 -isysroot /Applications/Xcode.app/Contents/Developer/Platforms/MacOSX.platform/Developer/SDKs/MacOSX15.4.sdk -std=c11 -MD -MT CMakeFiles/cmTC_63378.dir/src.c.o -MF CMakeFiles/cmTC_63378.dir/src.c.o.d -o CMakeFiles/cmTC_63378.dir/src.c.o -c /Users/betty/Downloads/cdn-cache-ai/pingora_cache/target/release/build/libz-ng-sys-3cf075f2bd3b5853/out/build/CMakeFiles/CMakeTmp/src.c
Linking C executable cmTC_63378
/usr/local/Cellar/cmake/3.22.2/bin/cmake -E cmake_link_script CMakeFiles/cmTC_63378.dir/link.txt --verbose=1
/usr/bin/cc  -ffunction-sections -fdata-sections -fPIC --target=arm64-apple-macosx -mmacosx-version-min=15.4  -arch arm64 -isysroot /Applications/Xcode.app/Contents/Developer/Platforms/MacOSX.platform/Developer/SDKs/MacOSX15.4.sdk -Wl,-search_paths_first -Wl,-headerpad_max_install_names CMakeFiles/cmTC_63378.dir/src.c.o -o cmTC_63378 


Source file was:
#define Z_INTERNAL __attribute__((visibility ("internal")))
    int Z_INTERNAL foo;
    int main() {
        return 0;
    }
Performing C SOURCE FILE Test HAVE_ATTRIBUTE_ALIGNED succeeded with the following output:
Change Dir: /Users/betty/Downloads/cdn-cache-ai/pingora_cache/target/release/build/libz-ng-sys-3cf075f2bd3b5853/out/build/CMakeFiles/CMakeTmp

Run Build Command(s):/usr/bin/make -f Makefile cmTC_b36c9/fast && /Applications/Xcode.app/Contents/Developer/usr/bin/make  -f CMakeFiles/cmTC_b36c9.dir/build.make CMakeFiles/cmTC_b36c9.dir/build
Building C object CMakeFiles/cmTC_b36c9.dir/src.c.o
/usr/bin/cc -DHAVE_ATTRIBUTE_ALIGNED  -ffunction-sections -fdata-sections -fPIC --target=arm64-apple-macosx -mmacosx-version-min=15.4  -arch arm64 -isysroot /Applications/Xcode.app/Contents/Developer/Platforms/MacOSX.platform/Developer/SDKs/MacOSX15.4.sdk -std=c11 -MD -MT CMakeFiles/cmTC_b36c9.dir/src.c.o -MF CMakeFiles/cmTC_b36c9.dir/src.c.o.d -o CMakeFiles/cmTC_b36c9.dir/src.c.o -c /Users/betty/Downloads/cdn-cache-ai/pingora_cache/target/release/build/libz-ng-sys-3cf075f2bd3b5853/out/build/CMakeFiles/CMakeTmp/src.c
Linking C executable cmTC_b36c9
/usr/local/Cellar/cmake/3.22.2/bin/cmake -E cmake_link_script CMakeFiles/cmTC_b36c9.dir/link.txt --verbose=1
/usr/bin/cc  -ffunction-sections -fdata-sections -fPIC --target=arm64-apple-macosx -mmacosx-version-min=15.4  -arch arm64 -isysroot /Applications/Xcode.app/Contents/Developer/Platforms/MacOSX.platform/Developer/SDKs/MacOSX15.4.sdk -Wl,-search_paths_first -Wl,-headerpad_max_install_names CMakeFiles/cmTC_b36c9.dir/src.c.o -o cmTC_b36c9 


Source file was:
int main(void) {
        __attribute__((aligned(8))) int test = 0;
        (void)test;
        return 0;
    }
Performing C SOURCE FILE Test HAVE_BUILTIN_ASSUME_ALIGNED succeeded with the following output:
Change Dir: /Users/betty/Downloads/cdn-cache-ai/pingora_cache/target/release/build/libz-ng-sys-3cf075f2bd3b5853/out/build/CMakeFiles/CMakeTmp

Run Build Command(s):/usr/bin/make -f Makefile cmTC_5022f/fast && /Applications/Xcode.app/Contents/Developer/usr/bin/make  -f CMakeFiles/cmTC_5022f.dir/build.make CMakeFiles/cmTC_5022f.dir/build
Building C object CMakeFiles/cmTC_5022f.dir/src.c.o
/usr/bin/cc -DHAVE_BUILTIN_ASSUME_ALIGNED  -ffunction-sections -fdata-sections -fPIC --target=arm64-apple-macosx -mmacosx-version-min=15.4 -fno-lto -arch arm64 -isysroot /Applications/Xcode.app/Contents/Developer/Platforms/MacOSX.platform/Developer/SDKs/MacOSX15.4.sdk -std=c11 -MD -MT CMakeFiles/cmTC_5022f.dir/src.c.o -MF CMakeFiles/cmTC_5022f.dir/src.c.o.d -o CMakeFiles/cmTC_5022f.dir/src.c.o -c /Users/betty/Downloads/cdn-cache-ai/pingora_cache/target/release/build/libz-ng-sys-3cf075f2bd3b5853/out/build/CMakeFiles/CMakeTmp/src.c
Linking C executable cmTC_5022f
/usr/local/Cellar/cmake/3.22.2/bin/cmake -E cmake_link_script CMakeFiles/cmTC_5022f.dir/link.txt --verbose=1
/usr/bin/cc  -ffunction-sections -fdata-sections -fPIC --target=arm64-apple-macosx -mmacosx-version-min=15.4 -fno-lto -arch arm64 -isysroot /Applications/Xcode.app/Contents/Developer/Platforms/MacOSX.platform/Developer/SDKs/MacOSX15.4.sdk -Wl,-search_paths_first -Wl,-headerpad_max_install_names CMakeFiles/cmTC_5022f.dir/src.c.o -o cmTC_5022f 


Source file was:
char *test(char *buffer) {
        char *abuffer = __builtin_assume_aligned(buffer,64);
        return abuffer;
    }
    int main() {
        return 0;
    }
Performing C SOURCE FILE Test HAVE_BUILTIN_CTZ succeeded with the following output:
Change Dir: /Users/betty/Downloads/cdn-cache-ai/pingora_cache/target/release/build/libz-ng-sys-3cf075f2bd3b5853/out/build/CMakeFiles/CMakeTmp

Run Build Command(s):/usr/bin/make -f Makefile cmTC_962d5/fast && /Applications/Xcode.app/Contents/Developer/usr/bin/make  -f CMakeFiles/cmTC_962d5.dir/build.make CMakeFiles/cmTC_962d5.dir/build
Building C object CMakeFiles/cmTC_962d5.dir/src.c.o
/usr/bin/cc -DHAVE_BUILTIN_CTZ  -ffunction-sections -fdata-sections -fPIC --target=arm64-apple-macosx -mmacosx-version-min=15.4 -fno-lto -arch arm64 -isysroot /Applications/Xcode.app/Contents/Developer/Platforms/MacOSX.platform/Developer/SDKs/MacOSX15.4.sdk -std=c11 -MD -MT CMakeFiles/cmTC_962d5.dir/src.c.o -MF CMakeFiles/cmTC_962d5.dir/src.c.o.d -o CMakeFiles/cmTC_962d5.dir/src.c.o -c /Users/betty/Downloads/cdn-cache-ai/pingora_cache/target/release/build/libz-ng-sys-3cf075f2bd3b5853/out/build/CMakeFiles/CMakeTmp/src.c
Linking C executable cmTC_962d5
/usr/local/Cellar/cmake/3.22.2/bin/cmake -E cmake_link_script CMakeFiles/cmTC_962d5.dir/link.txt --verbose=1
/usr/bin/cc  -ffunction-sections -fdata-sections -fPIC --target=arm64-apple-macosx -mmacosx-version-min=15.4 -fno-lto -arch arm64 -isysroot /Applications/Xcode.app/Contents/Developer/Platforms/MacOSX.platform/Developer/SDKs/MacOSX15.4.sdk -Wl,-search_paths_first -Wl,-headerpad_max_install_names CMakeFiles/cmTC_962d5.dir/src.c.o -o cmTC_962d5 


Source file was:
int main(void) {
        unsigned int zero = 0;
        long test = __builtin_ctz(zero);
        (void)test;
        return 0;
    }
Performing C SOURCE FILE Test HAVE_BUILTIN_CTZLL succeeded with the following output:
Change Dir: /Users/betty/Downloads/cdn-cache-ai/pingora_cache/target/release/build/libz-ng-sys-3cf075f2bd3b5853/out/build/CMakeFiles/CMakeTmp

Run Build Command(s):/usr/bin/make -f Makefile cmTC_c65e2/fast && /Applications/Xcode.app/Contents/Developer/usr/bin/make  -f CMakeFiles/cmTC_c65e2.dir/build.make CMakeFiles/cmTC_c65e2.dir/build
Building C object CMakeFiles/cmTC_c65e2.dir/src.c.o
/usr/bin/cc -DHAVE_BUILTIN_CTZLL  -ffunction-sections -fdata-sections -fPIC --target=arm64-apple-macosx -mmacosx-version-min=15.4 -fno-lto -arch arm64 -isysroot /Applications/Xcode.app/Contents/Developer/Platforms/MacOSX.platform/Developer/SDKs/MacOSX15.4.sdk -std=c11 -MD -MT CMakeFiles/cmTC_c65e2.dir/src.c.o -MF CMakeFiles/cmTC_c65e2.dir/src.c.o.d -o CMakeFiles/cmTC_c65e2.dir/src.c.o -c /Users/betty/Downloads/cdn-cache-ai/pingora_cache/target/release/build/libz-ng-sys-3cf075f2bd3b5853/out/build/CMakeFiles/CMakeTmp/src.c
Linking C executable cmTC_c65e2
/usr/local/Cellar/cmake/3.22.2/bin/cmake -E cmake_link_script CMakeFiles/cmTC_c65e2.dir/link.txt --verbose=1
/usr/bin/cc  -ffunction-sections -fdata-sections -fPIC --target=arm64-apple-macosx -mmacosx-version-min=15.4 -fno-lto -arch arm64 -isysroot /Applications/Xcode.app/Contents/Developer/Platforms/MacOSX.platform/Developer/SDKs/MacOSX15.4.sdk -Wl,-search_paths_first -Wl,-headerpad_max_install_names CMakeFiles/cmTC_c65e2.dir/src.c.o -o cmTC_c65e2 


Source file was:
int main(void) {
        unsigned int zero = 0;
        long test = __builtin_ctzll(zero);
        (void)test;
        return 0;
    }
Performing C SOURCE FILE Test HAVE_PTRDIFF_T succeeded with the following output:
Change Dir: /Users/betty/Downloads/cdn-cache-ai/pingora_cache/target/release/build/libz-ng-sys-3cf075f2bd3b5853/out/build/CMakeFiles/CMakeTmp

Run Build Command(s):/usr/bin/make -f Makefile cmTC_d3317/fast && /Applications/Xcode.app/Contents/Developer/usr/bin/make  -f CMakeFiles/cmTC_d3317.dir/build.make CMakeFiles/cmTC_d3317.dir/build
Building C object CMakeFiles/cmTC_d3317.dir/src.c.o
/usr/bin/cc -DHAVE_PTRDIFF_T  -ffunction-sections -fdata-sections -fPIC --target=arm64-apple-macosx -mmacosx-version-min=15.4  -arch arm64 -isysroot /Applications/Xcode.app/Contents/Developer/Platforms/MacOSX.platform/Developer/SDKs/MacOSX15.4.sdk -std=c11 -MD -MT CMakeFiles/cmTC_d3317.dir/src.c.o -MF CMakeFiles/cmTC_d3317.dir/src.c.o.d -o CMakeFiles/cmTC_d3317.dir/src.c.o -c /Users/betty/Downloads/cdn-cache-ai/pingora_cache/target/release/build/libz-ng-sys-3cf075f2bd3b5853/out/build/CMakeFiles/CMakeTmp/src.c
Linking C executable cmTC_d3317
/usr/local/Cellar/cmake/3.22.2/bin/cmake -E cmake_link_script CMakeFiles/cmTC_d3317.dir/link.txt --verbose=1
/usr/bin/cc  -ffunction-sections -fdata-sections -fPIC --target=arm64-apple-macosx -mmacosx-version-min=15.4  -arch arm64 -isysroot /Applications/Xcode.app/Contents/Developer/Platforms/MacOSX.platform/Developer/SDKs/MacOSX15.4.sdk -Wl,-search_paths_first -Wl,-headerpad_max_install_names CMakeFiles/cmTC_d3317.dir/src.c.o -o cmTC_d3317 


Source file was:
#include <stddef.h>
     int main() {
         ptrdiff_t *a;
         (void)a;
         return 0;
    }
Performing C SOURCE FILE Test HAVE_MARCH_ARMV8_CRC succeeded with the following output:
Change Dir: /Users/betty/Downloads/cdn-cache-ai/pingora_cache/target/release/build/libz-ng-sys-3cf075f2bd3b5853/out/build/CMakeFiles/CMakeTmp

Run Build Command(s):/usr/bin/make -f Makefile cmTC_2770c/fast && /Applications/Xcode.app/Contents/Developer/usr/bin/make  -f CMakeFiles/cmTC_2770c.dir/build.make CMakeFiles/cmTC_2770c.dir/build
Building C object CMakeFiles/cmTC_2770c.dir/src.c.o
/usr/bin/cc -DHAVE_MARCH_ARMV8_CRC  -ffunction-sections -fdata-sections -fPIC --target=arm64-apple-macosx -mmacosx-version-min=15.4  -arch arm64 -isysroot /Applications/Xcode.app/Contents/Developer/Platforms/MacOSX.platform/Developer/SDKs/MacOSX15.4.sdk   -march=armv8-a+crc -std=c11 -MD -MT CMakeFiles/cmTC_2770c.dir/src.c.o -MF CMakeFiles/cmTC_2770c.dir/src.c.o.d -o CMakeFiles/cmTC_2770c.dir/src.c.o -c /Users/betty/Downloads/cdn-cache-ai/pingora_cache/target/release/build/libz-ng-sys-3cf075f2bd3b5853/out/build/CMakeFiles/CMakeTmp/src.c
Linking C executable cmTC_2770c
/usr/local/Cellar/cmake/3.22.2/bin/cmake -E cmake_link_script CMakeFiles/cmTC_2770c.dir/link.txt --verbose=1
/usr/bin/cc  -ffunction-sections -fdata-sections -fPIC --target=arm64-apple-macosx -mmacosx-version-min=15.4  -arch arm64 -isysroot /Applications/Xcode.app/Contents/Developer/Platforms/MacOSX.platform/Developer/SDKs/MacOSX15.4.sdk -Wl,-search_paths_first -Wl,-headerpad_max_install_names CMakeFiles/cmTC_2770c.dir/src.c.o -o cmTC_2770c 


Source file was:
int main(void) { return 0; }
Performing C SOURCE FILE Test HAVE_ACLE_FLAG succeeded with the following output:
Change Dir: /Users/betty/Downloads/cdn-cache-ai/pingora_cache/target/release/build/libz-ng-sys-3cf075f2bd3b5853/out/build/CMakeFiles/CMakeTmp

Run Build Command(s):/usr/bin/make -f Makefile cmTC_3154e/fast && /Applications/Xcode.app/Contents/Developer/usr/bin/make  -f CMakeFiles/cmTC_3154e.dir/build.make CMakeFiles/cmTC_3154e.dir/build
Building C object CMakeFiles/cmTC_3154e.dir/src.c.o
/usr/bin/cc -DHAVE_ACLE_FLAG  -ffunction-sections -fdata-sections -fPIC --target=arm64-apple-macosx -mmacosx-version-min=15.4 -march=armv8-a+crc  -fno-lto -arch arm64 -isysroot /Applications/Xcode.app/Contents/Developer/Platforms/MacOSX.platform/Developer/SDKs/MacOSX15.4.sdk -std=c11 -MD -MT CMakeFiles/cmTC_3154e.dir/src.c.o -MF CMakeFiles/cmTC_3154e.dir/src.c.o.d -o CMakeFiles/cmTC_3154e.dir/src.c.o -c /Users/betty/Downloads/cdn-cache-ai/pingora_cache/target/release/build/libz-ng-sys-3cf075f2bd3b5853/out/build/CMakeFiles/CMakeTmp/src.c
Linking C executable cmTC_3154e
/usr/local/Cellar/cmake/3.22.2/bin/cmake -E cmake_link_script CMakeFiles/cmTC_3154e.dir/link.txt --verbose=1
/usr/bin/cc  -ffunction-sections -fdata-sections -fPIC --target=arm64-apple-macosx -mmacosx-version-min=15.4 -march=armv8-a+crc  -fno-lto -arch arm64 -isysroot /Applications/Xcode.app/Contents/Developer/Platforms/MacOSX.platform/Developer/SDKs/MacOSX15.4.sdk -Wl,-search_paths_first -Wl,-headerpad_max_install_names CMakeFiles/cmTC_3154e.dir/src.c.o -o cmTC_3154e 


Source file was:
#if defined(_MSC_VER)
        #include <intrin.h>
        #else
        #include <arm_acle.h>
        #endif
        unsigned int f(unsigned int a, unsigned int b) {
            return __crc32w(a, b);
        }
        int main(void) { return 0; }
